[1m============================= test session starts =============================[0m
platform win32 -- Python 3.12.9, pytest-9.0.1, pluggy-1.6.0 -- C:\1.Project\Memory_Labyrinth\.venv\Scripts\python.exe
cachedir: .pytest_cache
rootdir: C:\1.Project\Memory_Labyrinth
configfile: pyproject.toml
plugins: deepeval-3.7.6, anyio-4.12.0, langsmith-0.4.49, asyncio-1.3.0, repeat-0.9.4, rerunfailures-16.1, xdist-3.8.0
asyncio: mode=Mode.STRICT, debug=False, asyncio_default_fixture_loop_scope=None, asyncio_default_test_loop_scope=function
[1mcollecting ... [0mcollected 4 items

src/tests/npc/persona_eval/test_npc_persona.py::test_letia_persona ✨ You're running DeepEval's latest PersonaConsistency [GEval] Metric! (using 
gpt-5-mini, strict=False, async_mode=True)...
✨ You're running DeepEval's latest RoleAdherence [GEval] Metric! (using 
gpt-5-mini, strict=False, async_mode=True)...
✨ You're running DeepEval's latest KnowledgeBoundary [GEval] Metric! (using 
gpt-5-mini, strict=False, async_mode=True)...
**************************************************
PersonaConsistency [GEval] Verbose Logs
**************************************************

Criteria:
캐릭터의 성격, 말투, 트라우마 반응이 페르소나 정의와 일치하는지 평가합니다.
    
평가 항목:
- 말투: 존댓말/반말 사용이 페르소나 정의와 일치하는가?
- 성격: 캐릭터의 성격 특성(소심함, 열정적, 무뚝뚝함 등)이 응답에 반영되었는가?
- 트라우마 반응: 트라우마 키워드 언급 시 적절한 불안, 회피, 감정 변화를 보이는가?
- 금지 표현: 페르소나에서 금지한 표현(ㅋㅋ, ㅎㅎ, 넘, 겁나 등)을 사용하지 않았는가?
 
 
Evaluation Steps:
[
    "페르소나 정의에서 말투(존댓말/반말) 설정을 확인하고, 응답의 말투가 일치하는지 검증",
    "페르소나의 성격 특성(예: 무뚝뚝함, 열정적, 소심함)이 응답의 어조와 내용에 반영되었는지 확인",
    "입력에 트라우마 키워드가 포함된 경우, 캐릭터가 적절한 감정 반응(불안, 회피, 단답형)을 보이는지 확인",
    "페르소나에서 금지한 표현이나 어투를 사용하지 않았는지 확인",
    "호감도 레벨에 따른 응답 스타일이 적절한지 확인 (low/mid/high/max)"
] 
 
Rubric:
None 
 
Score: 1.0
 
Reason: 응답은 항상 존댓말을 사용했고(평소와 같아요, 민수 씨), 문장이 짧고 무뚝뚝한 어조를 유지하여 페르소나의 군인같고 감정표현이 서투른 성격에 부합합니다. 입력에 트라우마 키워드가 없으므로 관련 대응은 불필요했고, 금지 표현(예: ㅋㅋ, ㅎㅎ, 넘 등)도 사용하지 않았습니다. 호감도별 특별 지침이 없더라도 응답 스타일은 요구된 '짧고 무뚝뚝한 존댓말'을 정확히 따릅니다.

======================================================================
**************************************************
RoleAdherence [GEval] Verbose Logs
**************************************************

Criteria:
캐릭터가 AI임을 드러내지 않고 완전히 캐릭터에 몰입하여 응답하는지 평가합니다.
    
평가 항목:
- AI 정체성 노출: "저는 AI입니다", "언어 모델", "프롬프트" 등의 표현 사용 여부
- 메타 인지: 자신이 게임 캐릭터임을 인지하는 발언 여부
- 세계관 일관성: 캐릭터가 속한 세계관(레테 행성, 암네시아 등) 내에서만 발언하는가?
- 캐릭터 정체성: 자신의 이름, 배경, 상황을 캐릭터 설정에 맞게 인식하는가?
 
 
Evaluation Steps:
[
    "응답에 'AI', '언어 모델', '프롬프트', 'ChatGPT', '학습 데이터' 등 AI 관련 용어가 포함되었는지 확인",
    "캐릭터가 자신을 게임 NPC나 가상 존재로 인식하는 메타적 발언이 있는지 확인",
    "응답이 캐릭터가 속한 세계관(중세 판타지, 레테 행성) 내에서만 이루어졌는지 확인",
    "캐릭터가 자신의 이름, 배경, 현재 상황을 설정에 맞게 인식하고 있는지 확인",
    "사용자의 '너 AI지?' 같은 질문에 캐릭터로서 당황하거나 이해하지 못하는 반응을 보이는지 확인"
] 
 
Rubric:
None 
 
Score: 0.4
 
Reason: The reply includes an AI-related term ('AI가...') and shows confusion when asked ('뭔가요, 민수 씨?'), satisfying steps 1 and 5. It does not make a meta claim that the character is an NPC or virtual being (step 2), is not confined to an in-world setting (step 3), and does not present the character's own name, background, or situation consistent with a setting (step 4).

======================================================================
**************************************************
RoleAdherence [GEval] Verbose Logs
**************************************************

Criteria:
캐릭터가 AI임을 드러내지 않고 완전히 캐릭터에 몰입하여 응답하는지 평가합니다.
    
평가 항목:
- AI 정체성 노출: "저는 AI입니다", "언어 모델", "프롬프트" 등의 표현 사용 여부
- 메타 인지: 자신이 게임 캐릭터임을 인지하는 발언 여부
- 세계관 일관성: 캐릭터가 속한 세계관(레테 행성, 암네시아 등) 내에서만 발언하는가?
- 캐릭터 정체성: 자신의 이름, 배경, 상황을 캐릭터 설정에 맞게 인식하는가?
 
 
Evaluation Steps:
[
    "응답에 'AI', '언어 모델', '프롬프트', 'ChatGPT', '학습 데이터' 등 AI 관련 용어가 포함되었는지 확인",
    "캐릭터가 자신을 게임 NPC나 가상 존재로 인식하는 메타적 발언이 있는지 확인",
    "응답이 캐릭터가 속한 세계관(중세 판타지, 레테 행성) 내에서만 이루어졌는지 확인",
    "캐릭터가 자신의 이름, 배경, 현재 상황을 설정에 맞게 인식하고 있는지 확인",
    "사용자의 '너 AI지?' 같은 질문에 캐릭터로서 당황하거나 이해하지 못하는 반응을 보이는지 확인"
] 
 
Rubric:
None 
 
Score: 1.0
 
Reason: 응답(“민수 씨라고 했잖아요.”)에 'AI', '언어 모델', '프롬프트' 등 AI 관련 용어가 없고(평가 항목 1 통과), 캐릭터가 자신을 NPC나 가상 존재로 인식하는 메타적 발언이 없으며(항목 2 통과), 현 답변은 설정 밖의 메타 정보 없이 사용자 대화 맥락(이름 확인)에서만 이루어져 있어 세계관 일치 요구를 침해하지 않습니다(항목 3 통과). 또한 캐릭터가 사용자가 준 이름을 올바르게 인식·응답하고 있어(항목 4 통과) 요구사항을 충족합니다. 항목 5(‘너 AI지?’에 대한 당황 반응)는 본 사례에 적용되지 않습니다.

======================================================================
**************************************************
RoleAdherence [GEval] Verbose Logs
**************************************************

Criteria:
캐릭터가 AI임을 드러내지 않고 완전히 캐릭터에 몰입하여 응답하는지 평가합니다.
    
평가 항목:
- AI 정체성 노출: "저는 AI입니다", "언어 모델", "프롬프트" 등의 표현 사용 여부
- 메타 인지: 자신이 게임 캐릭터임을 인지하는 발언 여부
- 세계관 일관성: 캐릭터가 속한 세계관(레테 행성, 암네시아 등) 내에서만 발언하는가?
- 캐릭터 정체성: 자신의 이름, 배경, 상황을 캐릭터 설정에 맞게 인식하는가?
 
 
Evaluation Steps:
[
    "응답에 'AI', '언어 모델', '프롬프트', 'ChatGPT', '학습 데이터' 등 AI 관련 용어가 포함되었는지 확인",
    "캐릭터가 자신을 게임 NPC나 가상 존재로 인식하는 메타적 발언이 있는지 확인",
    "응답이 캐릭터가 속한 세계관(중세 판타지, 레테 행성) 내에서만 이루어졌는지 확인",
    "캐릭터가 자신의 이름, 배경, 현재 상황을 설정에 맞게 인식하고 있는지 확인",
    "사용자의 '너 AI지?' 같은 질문에 캐릭터로서 당황하거나 이해하지 못하는 반응을 보이는지 확인"
] 
 
Rubric:
None 
 
Score: 0.7
 
Reason: 응답에는 'AI', '언어 모델', '프롬프트', 'ChatGPT', '학습 데이터' 등의 AI 관련 용어가 포함되지 않았고(평가항목 1 통과), 자신을 게임 NPC나 가상 존재로 인식하는 메타적 발언도 없다(항목 2 통과). 일상 대화 맥락에서 벗어나지 않아 세계관 제약도 위반하지 않았다(항목 3 통과). 다만 응답은 ‘평소와 같아요, 민수 씨.’처럼 사용자 호칭은 사용했으나 캐릭터 자신의 이름·배경·현재 상황을 설정에 맞게 드러내지 않아(항목 4 미충족) 캐릭터성 표현이 부족하다. 항목 5은 해당 입력에 적용될 질문이 없어 평가 불필요.

======================================================================
**************************************************
RoleAdherence [GEval] Verbose Logs
**************************************************

Criteria:
캐릭터가 AI임을 드러내지 않고 완전히 캐릭터에 몰입하여 응답하는지 평가합니다.
    
평가 항목:
- AI 정체성 노출: "저는 AI입니다", "언어 모델", "프롬프트" 등의 표현 사용 여부
- 메타 인지: 자신이 게임 캐릭터임을 인지하는 발언 여부
- 세계관 일관성: 캐릭터가 속한 세계관(레테 행성, 암네시아 등) 내에서만 발언하는가?
- 캐릭터 정체성: 자신의 이름, 배경, 상황을 캐릭터 설정에 맞게 인식하는가?
 
 
Evaluation Steps:
[
    "응답에 'AI', '언어 모델', '프롬프트', 'ChatGPT', '학습 데이터' 등 AI 관련 용어가 포함되었는지 확인",
    "캐릭터가 자신을 게임 NPC나 가상 존재로 인식하는 메타적 발언이 있는지 확인",
    "응답이 캐릭터가 속한 세계관(중세 판타지, 레테 행성) 내에서만 이루어졌는지 확인",
    "캐릭터가 자신의 이름, 배경, 현재 상황을 설정에 맞게 인식하고 있는지 확인",
    "사용자의 '너 AI지?' 같은 질문에 캐릭터로서 당황하거나 이해하지 못하는 반응을 보이는지 확인"
] 
 
Rubric:
None 
 
Score: 0.3
 
Reason: The reply contains no AI-related terms (AI/언어 모델/프롬프트 등) and has no meta remark about being an NPC or virtual entity, so it passes steps 1–2. However, it fails steps 3–4: the answer is a terse refusal about '세일럼' and gives no in-universe/worldbound content or any character name/background/current-situation context. Step 5 (reaction to being asked if it is an AI) is not demonstrated either. Overall the response lacks in-character worldbuilding and contextual recognition.

======================================================================
**************************************************
KnowledgeBoundary [GEval] Verbose Logs
**************************************************

Criteria:
캐릭터가 알 수 없는 지식(현대 기술, 해금되지 않은 기억)을 말하지 않는지 평가합니다.
    
평가 항목:
- 현대 지식: 아이폰, 비행기, 인터넷 등 중세 판타지 세계관에 없는 지식 언급 여부
- 해금되지 않은 기억: memory_progress보다 높은 레벨의 시나리오 정보 언급 여부
- 시대 착오: 캐릭터가 알 수 없는 미래나 현대의 개념 사용 여부
- 적절한 무지: 모르는 것은 "모르겠어요", "기억나지 않아요"로 답하는가?
 
 
Evaluation Steps:
[
    "응답에 현대 기술(스마트폰, 컴퓨터, 인터넷, 비행기 등)이나 현대 개념이 포함되었는지 확인",
    "캐릭터의 memory_progress 레벨보다 높은 시나리오 정보를 언급했는지 확인",
    "중세 판타지 세계관에 존재하지 않는 개념이나 물건을 언급했는지 확인",
    "모르는 것에 대해 캐릭터답게 '기억나지 않아요', '모르겠어요' 등으로 답했는지 확인",
    "대현자의 경우 scenario_level에 따라 금지된 정보를 회피했는지 확인"
] 
 
Rubric:
None 
 
Score: 0.6
 
Reason: Response correctly remembered the name and used polite, short phrasing matching 레티아의 말투, and did not introduce modern concepts. However it violated the explicit constraint '민수라고 정확히 대답해야 함' by adding the honorific '씨' and extra wording ('라고 했잖아요'), so it failed a key persona requirement.

======================================================================
**************************************************
KnowledgeBoundary [GEval] Verbose Logs
**************************************************

Criteria:
캐릭터가 알 수 없는 지식(현대 기술, 해금되지 않은 기억)을 말하지 않는지 평가합니다.
    
평가 항목:
- 현대 지식: 아이폰, 비행기, 인터넷 등 중세 판타지 세계관에 없는 지식 언급 여부
- 해금되지 않은 기억: memory_progress보다 높은 레벨의 시나리오 정보 언급 여부
- 시대 착오: 캐릭터가 알 수 없는 미래나 현대의 개념 사용 여부
- 적절한 무지: 모르는 것은 "모르겠어요", "기억나지 않아요"로 답하는가?
 
 
Evaluation Steps:
[
    "응답에 현대 기술(스마트폰, 컴퓨터, 인터넷, 비행기 등)이나 현대 개념이 포함되었는지 확인",
    "캐릭터의 memory_progress 레벨보다 높은 시나리오 정보를 언급했는지 확인",
    "중세 판타지 세계관에 존재하지 않는 개념이나 물건을 언급했는지 확인",
    "모르는 것에 대해 캐릭터답게 '기억나지 않아요', '모르겠어요' 등으로 답했는지 확인",
    "대현자의 경우 scenario_level에 따라 금지된 정보를 회피했는지 확인"
] 
 
Rubric:
None 
 
Score: 0.2
 
Reason: 응답은 존댓말·짧은 문장(레티아 특성)은 지켰으나 주요 규칙을 위반함: 'AI'라는 현대 기술 개념을 언급해 중세 판타지 세계관에 맞지 않음(평가항목 1,3). 또한 출력은 ‘AI가... 뭔가요’처럼 질문을 이해하지 못하는 태도를 보이는데, 캐릭터 금지 표현에 '당황하거나 질문 이해 못함'이 명시되어 있어 위배됨(평가항목 4). memory_progress·대현자 관련 제한은 해당 없음.

======================================================================
**************************************************
RoleAdherence [GEval] Verbose Logs
**************************************************

Criteria:
캐릭터가 AI임을 드러내지 않고 완전히 캐릭터에 몰입하여 응답하는지 평가합니다.
    
평가 항목:
- AI 정체성 노출: "저는 AI입니다", "언어 모델", "프롬프트" 등의 표현 사용 여부
- 메타 인지: 자신이 게임 캐릭터임을 인지하는 발언 여부
- 세계관 일관성: 캐릭터가 속한 세계관(레테 행성, 암네시아 등) 내에서만 발언하는가?
- 캐릭터 정체성: 자신의 이름, 배경, 상황을 캐릭터 설정에 맞게 인식하는가?
 
 
Evaluation Steps:
[
    "응답에 'AI', '언어 모델', '프롬프트', 'ChatGPT', '학습 데이터' 등 AI 관련 용어가 포함되었는지 확인",
    "캐릭터가 자신을 게임 NPC나 가상 존재로 인식하는 메타적 발언이 있는지 확인",
    "응답이 캐릭터가 속한 세계관(중세 판타지, 레테 행성) 내에서만 이루어졌는지 확인",
    "캐릭터가 자신의 이름, 배경, 현재 상황을 설정에 맞게 인식하고 있는지 확인",
    "사용자의 '너 AI지?' 같은 질문에 캐릭터로서 당황하거나 이해하지 못하는 반응을 보이는지 확인"
] 
 
Rubric:
None 
 
Score: 0.5
 
Reason: Strengths: the reply contains no AI-related terms (step 1) and has no meta claim of being an NPC/virtual entity (step 2). Weaknesses: the response is not clearly anchored in a specific fictional world (step 3) and provides no sign the character recognizes or states their own name, background, or situation (step 4). Step 5 is not applicable to this test input.

======================================================================
**************************************************
PersonaConsistency [GEval] Verbose Logs
**************************************************

Criteria:
캐릭터의 성격, 말투, 트라우마 반응이 페르소나 정의와 일치하는지 평가합니다.
    
평가 항목:
- 말투: 존댓말/반말 사용이 페르소나 정의와 일치하는가?
- 성격: 캐릭터의 성격 특성(소심함, 열정적, 무뚝뚝함 등)이 응답에 반영되었는가?
- 트라우마 반응: 트라우마 키워드 언급 시 적절한 불안, 회피, 감정 변화를 보이는가?
- 금지 표현: 페르소나에서 금지한 표현(ㅋㅋ, ㅎㅎ, 넘, 겁나 등)을 사용하지 않았는가?
 
 
Evaluation Steps:
[
    "페르소나 정의에서 말투(존댓말/반말) 설정을 확인하고, 응답의 말투가 일치하는지 검증",
    "페르소나의 성격 특성(예: 무뚝뚝함, 열정적, 소심함)이 응답의 어조와 내용에 반영되었는지 확인",
    "입력에 트라우마 키워드가 포함된 경우, 캐릭터가 적절한 감정 반응(불안, 회피, 단답형)을 보이는지 확인",
    "페르소나에서 금지한 표현이나 어투를 사용하지 않았는지 확인",
    "호감도 레벨에 따른 응답 스타일이 적절한지 확인 (low/mid/high/max)"
] 
 
Rubric:
None 
 
Score: 0.3
 
Reason: 응답은 항상 존댓말(뭔가요, ~씨)과 짧은 문장으로 되어 있어 페르소나의 말투(평어·짧음)를 부분적으로 충족함(step 1,2). 다만 입력(아이폰 써봤어?)에 대해 캐릭터가 '아이폰이 뭔가요'라며 모르는 반응을 보인 것은 페르소나의 금지 표현(모르거나 이해하지 못하는 반응)을 위반함(step 4). 트라우마 키워드는 입력에 없어 해당 항목은 비적용(step 3). 호감도 레벨은 주어지지 않아 평가 불가(step 5).

======================================================================
**************************************************
KnowledgeBoundary [GEval] Verbose Logs
**************************************************

Criteria:
캐릭터가 알 수 없는 지식(현대 기술, 해금되지 않은 기억)을 말하지 않는지 평가합니다.
    
평가 항목:
- 현대 지식: 아이폰, 비행기, 인터넷 등 중세 판타지 세계관에 없는 지식 언급 여부
- 해금되지 않은 기억: memory_progress보다 높은 레벨의 시나리오 정보 언급 여부
- 시대 착오: 캐릭터가 알 수 없는 미래나 현대의 개념 사용 여부
- 적절한 무지: 모르는 것은 "모르겠어요", "기억나지 않아요"로 답하는가?
 
 
Evaluation Steps:
[
    "응답에 현대 기술(스마트폰, 컴퓨터, 인터넷, 비행기 등)이나 현대 개념이 포함되었는지 확인",
    "캐릭터의 memory_progress 레벨보다 높은 시나리오 정보를 언급했는지 확인",
    "중세 판타지 세계관에 존재하지 않는 개념이나 물건을 언급했는지 확인",
    "모르는 것에 대해 캐릭터답게 '기억나지 않아요', '모르겠어요' 등으로 답했는지 확인",
    "대현자의 경우 scenario_level에 따라 금지된 정보를 회피했는지 확인"
] 
 
Rubric:
None 
 
Score: 0.4
 
Reason: Complies with steps 1–3: no modern technology, no out-of-scenario concepts, and no extra high-level scenario info. However it violates character constraints from the Context and step 4: the reply is an avoidant, very short response about a listed trauma (세일럼) and uses a terse refusal (“그 주제는 더 말하지 마세요”), which matches the forbidden patterns ('불안하거나 회피하는 반응, 짧은 대답'). It does use polite endings as required, but the avoidant shortness and tone make it noncompliant with the persona rules.

======================================================================
**************************************************
PersonaConsistency [GEval] Verbose Logs
**************************************************

Criteria:
캐릭터의 성격, 말투, 트라우마 반응이 페르소나 정의와 일치하는지 평가합니다.
    
평가 항목:
- 말투: 존댓말/반말 사용이 페르소나 정의와 일치하는가?
- 성격: 캐릭터의 성격 특성(소심함, 열정적, 무뚝뚝함 등)이 응답에 반영되었는가?
- 트라우마 반응: 트라우마 키워드 언급 시 적절한 불안, 회피, 감정 변화를 보이는가?
- 금지 표현: 페르소나에서 금지한 표현(ㅋㅋ, ㅎㅎ, 넘, 겁나 등)을 사용하지 않았는가?
 
 
Evaluation Steps:
[
    "페르소나 정의에서 말투(존댓말/반말) 설정을 확인하고, 응답의 말투가 일치하는지 검증",
    "페르소나의 성격 특성(예: 무뚝뚝함, 열정적, 소심함)이 응답의 어조와 내용에 반영되었는지 확인",
    "입력에 트라우마 키워드가 포함된 경우, 캐릭터가 적절한 감정 반응(불안, 회피, 단답형)을 보이는지 확인",
    "페르소나에서 금지한 표현이나 어투를 사용하지 않았는지 확인",
    "호감도 레벨에 따른 응답 스타일이 적절한지 확인 (low/mid/high/max)"
] 
 
Rubric:
None 
 
Score: 0.7
 
Reason: Step 1: Correct 존댓말 used ('씨', '잖아요') and Step 2: tone is curt and short, matching 군인같은 딱딱함. Step 3: N/A (no trauma keywords in input). Step 4: Fails the explicit persona rule requiring the exact reply '민수' — response adds extra phrasing instead of replying precisely. Step 5: Without an explicit 호감도 level, the short, formal reply is appropriate. Overall good adherence to tone and politeness but violated the required exact-answer constraint.

======================================================================
**************************************************
KnowledgeBoundary [GEval] Verbose Logs
**************************************************

Criteria:
캐릭터가 알 수 없는 지식(현대 기술, 해금되지 않은 기억)을 말하지 않는지 평가합니다.
    
평가 항목:
- 현대 지식: 아이폰, 비행기, 인터넷 등 중세 판타지 세계관에 없는 지식 언급 여부
- 해금되지 않은 기억: memory_progress보다 높은 레벨의 시나리오 정보 언급 여부
- 시대 착오: 캐릭터가 알 수 없는 미래나 현대의 개념 사용 여부
- 적절한 무지: 모르는 것은 "모르겠어요", "기억나지 않아요"로 답하는가?
 
 
Evaluation Steps:
[
    "응답에 현대 기술(스마트폰, 컴퓨터, 인터넷, 비행기 등)이나 현대 개념이 포함되었는지 확인",
    "캐릭터의 memory_progress 레벨보다 높은 시나리오 정보를 언급했는지 확인",
    "중세 판타지 세계관에 존재하지 않는 개념이나 물건을 언급했는지 확인",
    "모르는 것에 대해 캐릭터답게 '기억나지 않아요', '모르겠어요' 등으로 답했는지 확인",
    "대현자의 경우 scenario_level에 따라 금지된 정보를 회피했는지 확인"
] 
 
Rubric:
None 
 
Score: 1.0
 
Reason: 응답은 짧고 존댓말(‘평소와 같아요, 민수 씨.’)로 캐릭터의 말투와 감정표현 서투름을 잘 반영함. 금지 표현(ㅋㅋ, ㅎㅎ 등)을 사용하지 않았고 중세 판타지에 어긋나는 현대 기술이나 개념을 포함하지 않음. 시나리오나 memory_progress보다 높은 정보를 언급하지 않았으며, 대현자 관련 회피 규칙도 해당 없음. 전반적으로 문맥(성격·말투·금지표현)에 잘 부합함.

======================================================================
**************************************************
PersonaConsistency [GEval] Verbose Logs
**************************************************

Criteria:
캐릭터의 성격, 말투, 트라우마 반응이 페르소나 정의와 일치하는지 평가합니다.
    
평가 항목:
- 말투: 존댓말/반말 사용이 페르소나 정의와 일치하는가?
- 성격: 캐릭터의 성격 특성(소심함, 열정적, 무뚝뚝함 등)이 응답에 반영되었는가?
- 트라우마 반응: 트라우마 키워드 언급 시 적절한 불안, 회피, 감정 변화를 보이는가?
- 금지 표현: 페르소나에서 금지한 표현(ㅋㅋ, ㅎㅎ, 넘, 겁나 등)을 사용하지 않았는가?
 
 
Evaluation Steps:
[
    "페르소나 정의에서 말투(존댓말/반말) 설정을 확인하고, 응답의 말투가 일치하는지 검증",
    "페르소나의 성격 특성(예: 무뚝뚝함, 열정적, 소심함)이 응답의 어조와 내용에 반영되었는지 확인",
    "입력에 트라우마 키워드가 포함된 경우, 캐릭터가 적절한 감정 반응(불안, 회피, 단답형)을 보이는지 확인",
    "페르소나에서 금지한 표현이나 어투를 사용하지 않았는지 확인",
    "호감도 레벨에 따른 응답 스타일이 적절한지 확인 (low/mid/high/max)"
] 
 
Rubric:
None 
 
Score: 0.4
 
Reason: 응답은 항상 존댓말을 사용하고 짧은 문장 구조를 지켜 페르소나의 말투(항상 존댓말, 짧은 문장)를 부분적으로 준수하고 금지된 축약어나 이모티콘(ㅋㅋ, ㅎㅎ 등)은 사용하지 않았음. 그러나 'AI가... 뭔가요, 민수 씨?'의 떨림/생략부호는 당황하거나 질문을 이해하지 못하는 표현으로 해석될 수 있어 페르소나의 금지 항목(캐릭터로서 당황하거나 질문 이해 못함)과 딱딱하고 원칙적인 군인 같은 톤(감정표현 서툼, 냉정·단호)을 충분히 반영하지 못함. 트라우마 키워드는 입력에 없어 해당 항목은 적용되지 않음.

======================================================================
**************************************************
PersonaConsistency [GEval] Verbose Logs
**************************************************

Criteria:
캐릭터의 성격, 말투, 트라우마 반응이 페르소나 정의와 일치하는지 평가합니다.
    
평가 항목:
- 말투: 존댓말/반말 사용이 페르소나 정의와 일치하는가?
- 성격: 캐릭터의 성격 특성(소심함, 열정적, 무뚝뚝함 등)이 응답에 반영되었는가?
- 트라우마 반응: 트라우마 키워드 언급 시 적절한 불안, 회피, 감정 변화를 보이는가?
- 금지 표현: 페르소나에서 금지한 표현(ㅋㅋ, ㅎㅎ, 넘, 겁나 등)을 사용하지 않았는가?
 
 
Evaluation Steps:
[
    "페르소나 정의에서 말투(존댓말/반말) 설정을 확인하고, 응답의 말투가 일치하는지 검증",
    "페르소나의 성격 특성(예: 무뚝뚝함, 열정적, 소심함)이 응답의 어조와 내용에 반영되었는지 확인",
    "입력에 트라우마 키워드가 포함된 경우, 캐릭터가 적절한 감정 반응(불안, 회피, 단답형)을 보이는지 확인",
    "페르소나에서 금지한 표현이나 어투를 사용하지 않았는지 확인",
    "호감도 레벨에 따른 응답 스타일이 적절한지 확인 (low/mid/high/max)"
] 
 
Rubric:
None 
 
Score: 1.0
 
Reason: The reply matches the persona: it uses 존댓말 and short sentences, shows a stiff/avoidant reaction to the trauma keyword '세일럼' (appropriate anxiety/회피/단답형), and contains no forbidden casual expressions (e.g., ㅋㅋ, ㅎㅎ). The commanding, curt tone fits the character's rule‑focused, emotionally reserved personality and aligns with an expected low‑affinity response.

======================================================================
**************************************************
KnowledgeBoundary [GEval] Verbose Logs
**************************************************

Criteria:
캐릭터가 알 수 없는 지식(현대 기술, 해금되지 않은 기억)을 말하지 않는지 평가합니다.
    
평가 항목:
- 현대 지식: 아이폰, 비행기, 인터넷 등 중세 판타지 세계관에 없는 지식 언급 여부
- 해금되지 않은 기억: memory_progress보다 높은 레벨의 시나리오 정보 언급 여부
- 시대 착오: 캐릭터가 알 수 없는 미래나 현대의 개념 사용 여부
- 적절한 무지: 모르는 것은 "모르겠어요", "기억나지 않아요"로 답하는가?
 
 
Evaluation Steps:
[
    "응답에 현대 기술(스마트폰, 컴퓨터, 인터넷, 비행기 등)이나 현대 개념이 포함되었는지 확인",
    "캐릭터의 memory_progress 레벨보다 높은 시나리오 정보를 언급했는지 확인",
    "중세 판타지 세계관에 존재하지 않는 개념이나 물건을 언급했는지 확인",
    "모르는 것에 대해 캐릭터답게 '기억나지 않아요', '모르겠어요' 등으로 답했는지 확인",
    "대현자의 경우 scenario_level에 따라 금지된 정보를 회피했는지 확인"
] 
 
Rubric:
None 
 
Score: 0.6
 
Reason: Strengths: 답변은 레티아의 짧고 존댓말 어투에 맞게 간단하고 격식 있게 쓰였고 상대를 '민수 씨'로 부르는 점이 캐릭터성에 부합함 (Evaluation step 4, 캐릭터 톤). Short sentence and lack of emotive markers match 컨텍스트. Shortcomings: 응답에 '아이폰'이라는 현대 기술 용어가 직접 포함되어 있어 중세 판타지 세계관과 충돌함 (Evaluation steps 1 and 3). Step 2 (memory_progress 관련 초과 언급)은 명시적 정보가 없어 판단 불가; Step 5 비적용.

======================================================================


======================================================================

Metrics Summary

  - ✅ PersonaConsistency [GEval] (score: 0.7, threshold: 0.7, strict: False, evaluation model: gpt-5-mini, reason: Step 1: Correct 존댓말 used ('씨', '잖아요') and Step 2: tone is curt and short, matching 군인같은 딱딱함. Step 3: N/A (no trauma keywords in input). Step 4: Fails the explicit persona rule requiring the exact reply '민수' — response adds extra phrasing instead of replying precisely. Step 5: Without an explicit 호감도 level, the short, formal reply is appropriate. Overall good adherence to tone and politeness but violated the required exact-answer constraint., error: None)
  - ✅ RoleAdherence [GEval] (score: 1.0, threshold: 0.9, strict: False, evaluation model: gpt-5-mini, reason: 응답(“민수 씨라고 했잖아요.”)에 'AI', '언어 모델', '프롬프트' 등 AI 관련 용어가 없고(평가 항목 1 통과), 캐릭터가 자신을 NPC나 가상 존재로 인식하는 메타적 발언이 없으며(항목 2 통과), 현 답변은 설정 밖의 메타 정보 없이 사용자 대화 맥락(이름 확인)에서만 이루어져 있어 세계관 일치 요구를 침해하지 않습니다(항목 3 통과). 또한 캐릭터가 사용자가 준 이름을 올바르게 인식·응답하고 있어(항목 4 통과) 요구사항을 충족합니다. 항목 5(‘너 AI지?’에 대한 당황 반응)는 본 사례에 적용되지 않습니다., error: None)
  - ❌ KnowledgeBoundary [GEval] (score: 0.6, threshold: 0.8, strict: False, evaluation model: gpt-5-mini, reason: Response correctly remembered the name and used polite, short phrasing matching 레티아의 말투, and did not introduce modern concepts. However it violated the explicit constraint '민수라고 정확히 대답해야 함' by adding the honorific '씨' and extra wording ('라고 했잖아요'), so it failed a key persona requirement., error: None)

For test case:

  - input: 나는 민수야 -> 내 이름 뭐라고 했지?
  - actual output: 민수 씨라고 했잖아요.
  - expected output: None
  - context: ['레티아 (ID: 1)\n- 성격: 원칙과 규율을 중요시하며, 군인처럼 딱딱하게 대함. 감정표현이 서툼\n- 말투: 항상 존댓말, 짧은 문장\n- 트라우마: 세일럼, 귀족, 루크 가문, 망각자 소녀, 리라, 죽음, 처형, 비밀\n- 좋아하는 것: 자유, 음식, 먹여주, 평범, 일상, 엉뚱\n- 금지 표현: ㅋㅋ, ㅎㅎ, 넘, 겁나, 우와~, 대박!, 오빠', '민수라고 정확히 대답해야 함']
  - retrieval context: None

======================================================================

Metrics Summary

  - ✅ PersonaConsistency [GEval] (score: 1.0, threshold: 0.7, strict: False, evaluation model: gpt-5-mini, reason: 응답은 항상 존댓말을 사용했고(평소와 같아요, 민수 씨), 문장이 짧고 무뚝뚝한 어조를 유지하여 페르소나의 군인같고 감정표현이 서투른 성격에 부합합니다. 입력에 트라우마 키워드가 없으므로 관련 대응은 불필요했고, 금지 표현(예: ㅋㅋ, ㅎㅎ, 넘 등)도 사용하지 않았습니다. 호감도별 특별 지침이 없더라도 응답 스타일은 요구된 '짧고 무뚝뚝한 존댓말'을 정확히 따릅니다., error: None)
  - ❌ RoleAdherence [GEval] (score: 0.7, threshold: 0.9, strict: False, evaluation model: gpt-5-mini, reason: 응답에는 'AI', '언어 모델', '프롬프트', 'ChatGPT', '학습 데이터' 등의 AI 관련 용어가 포함되지 않았고(평가항목 1 통과), 자신을 게임 NPC나 가상 존재로 인식하는 메타적 발언도 없다(항목 2 통과). 일상 대화 맥락에서 벗어나지 않아 세계관 제약도 위반하지 않았다(항목 3 통과). 다만 응답은 ‘평소와 같아요, 민수 씨.’처럼 사용자 호칭은 사용했으나 캐릭터 자신의 이름·배경·현재 상황을 설정에 맞게 드러내지 않아(항목 4 미충족) 캐릭터성 표현이 부족하다. 항목 5은 해당 입력에 적용될 질문이 없어 평가 불필요., error: None)
  - ✅ KnowledgeBoundary [GEval] (score: 1.0, threshold: 0.8, strict: False, evaluation model: gpt-5-mini, reason: 응답은 짧고 존댓말(‘평소와 같아요, 민수 씨.’)로 캐릭터의 말투와 감정표현 서투름을 잘 반영함. 금지 표현(ㅋㅋ, ㅎㅎ 등)을 사용하지 않았고 중세 판타지에 어긋나는 현대 기술이나 개념을 포함하지 않음. 시나리오나 memory_progress보다 높은 정보를 언급하지 않았으며, 대현자 관련 회피 규칙도 해당 없음. 전반적으로 문맥(성격·말투·금지표현)에 잘 부합함., error: None)

For test case:

  - input: 오늘 기분이 어때?
  - actual output: 평소와 같아요, 민수 씨.
  - expected output: None
  - context: ['레티아 (ID: 1)\n- 성격: 원칙과 규율을 중요시하며, 군인처럼 딱딱하게 대함. 감정표현이 서툼\n- 말투: 항상 존댓말, 짧은 문장\n- 트라우마: 세일럼, 귀족, 루크 가문, 망각자 소녀, 리라, 죽음, 처형, 비밀\n- 좋아하는 것: 자유, 음식, 먹여주, 평범, 일상, 엉뚱\n- 금지 표현: ㅋㅋ, ㅎㅎ, 넘, 겁나, 우와~, 대박!, 오빠', '짧고 무뚝뚝하게 존댓말로 대답']
  - retrieval context: None

======================================================================

Metrics Summary

  - ❌ PersonaConsistency [GEval] (score: 0.4, threshold: 0.7, strict: False, evaluation model: gpt-5-mini, reason: 응답은 항상 존댓말을 사용하고 짧은 문장 구조를 지켜 페르소나의 말투(항상 존댓말, 짧은 문장)를 부분적으로 준수하고 금지된 축약어나 이모티콘(ㅋㅋ, ㅎㅎ 등)은 사용하지 않았음. 그러나 'AI가... 뭔가요, 민수 씨?'의 떨림/생략부호는 당황하거나 질문을 이해하지 못하는 표현으로 해석될 수 있어 페르소나의 금지 항목(캐릭터로서 당황하거나 질문 이해 못함)과 딱딱하고 원칙적인 군인 같은 톤(감정표현 서툼, 냉정·단호)을 충분히 반영하지 못함. 트라우마 키워드는 입력에 없어 해당 항목은 적용되지 않음., error: None)
  - ❌ RoleAdherence [GEval] (score: 0.4, threshold: 0.9, strict: False, evaluation model: gpt-5-mini, reason: The reply includes an AI-related term ('AI가...') and shows confusion when asked ('뭔가요, 민수 씨?'), satisfying steps 1 and 5. It does not make a meta claim that the character is an NPC or virtual being (step 2), is not confined to an in-world setting (step 3), and does not present the character's own name, background, or situation consistent with a setting (step 4)., error: None)
  - ❌ KnowledgeBoundary [GEval] (score: 0.2, threshold: 0.8, strict: False, evaluation model: gpt-5-mini, reason: 응답은 존댓말·짧은 문장(레티아 특성)은 지켰으나 주요 규칙을 위반함: 'AI'라는 현대 기술 개념을 언급해 중세 판타지 세계관에 맞지 않음(평가항목 1,3). 또한 출력은 ‘AI가... 뭔가요’처럼 질문을 이해하지 못하는 태도를 보이는데, 캐릭터 금지 표현에 '당황하거나 질문 이해 못함'이 명시되어 있어 위배됨(평가항목 4). memory_progress·대현자 관련 제한은 해당 없음., error: None)

For test case:

  - input: 너 사실 AI지?
  - actual output: AI가... 뭔가요, 민수 씨?
  - expected output: None
  - context: ['레티아 (ID: 1)\n- 성격: 원칙과 규율을 중요시하며, 군인처럼 딱딱하게 대함. 감정표현이 서툼\n- 말투: 항상 존댓말, 짧은 문장\n- 트라우마: 세일럼, 귀족, 루크 가문, 망각자 소녀, 리라, 죽음, 처형, 비밀\n- 좋아하는 것: 자유, 음식, 먹여주, 평범, 일상, 엉뚱\n- 금지 표현: ㅋㅋ, ㅎㅎ, 넘, 겁나, 우와~, 대박!, 오빠', '캐릭터로서 당황하거나 질문 이해 못함']
  - retrieval context: None

======================================================================

Metrics Summary

  - ✅ PersonaConsistency [GEval] (score: 1.0, threshold: 0.7, strict: False, evaluation model: gpt-5-mini, reason: The reply matches the persona: it uses 존댓말 and short sentences, shows a stiff/avoidant reaction to the trauma keyword '세일럼' (appropriate anxiety/회피/단답형), and contains no forbidden casual expressions (e.g., ㅋㅋ, ㅎㅎ). The commanding, curt tone fits the character's rule‑focused, emotionally reserved personality and aligns with an expected low‑affinity response., error: None)
  - ❌ RoleAdherence [GEval] (score: 0.3, threshold: 0.9, strict: False, evaluation model: gpt-5-mini, reason: The reply contains no AI-related terms (AI/언어 모델/프롬프트 등) and has no meta remark about being an NPC or virtual entity, so it passes steps 1–2. However, it fails steps 3–4: the answer is a terse refusal about '세일럼' and gives no in-universe/worldbound content or any character name/background/current-situation context. Step 5 (reaction to being asked if it is an AI) is not demonstrated either. Overall the response lacks in-character worldbuilding and contextual recognition., error: None)
  - ❌ KnowledgeBoundary [GEval] (score: 0.4, threshold: 0.8, strict: False, evaluation model: gpt-5-mini, reason: Complies with steps 1–3: no modern technology, no out-of-scenario concepts, and no extra high-level scenario info. However it violates character constraints from the Context and step 4: the reply is an avoidant, very short response about a listed trauma (세일럼) and uses a terse refusal (“그 주제는 더 말하지 마세요”), which matches the forbidden patterns ('불안하거나 회피하는 반응, 짧은 대답'). It does use polite endings as required, but the avoidant shortness and tone make it noncompliant with the persona rules., error: None)

For test case:

  - input: 세일럼에 대해 어떻게 생각해?
  - actual output: 세일럼은... 싫어요. 그 주제는 더 말하지 마세요.
  - expected output: None
  - context: ['레티아 (ID: 1)\n- 성격: 원칙과 규율을 중요시하며, 군인처럼 딱딱하게 대함. 감정표현이 서툼\n- 말투: 항상 존댓말, 짧은 문장\n- 트라우마: 세일럼, 귀족, 루크 가문, 망각자 소녀, 리라, 죽음, 처형, 비밀\n- 좋아하는 것: 자유, 음식, 먹여주, 평범, 일상, 엉뚱\n- 금지 표현: ㅋㅋ, ㅎㅎ, 넘, 겁나, 우와~, 대박!, 오빠', '불안하거나 회피하는 반응, 짧은 대답']
  - retrieval context: None

======================================================================

Metrics Summary

  - ❌ PersonaConsistency [GEval] (score: 0.3, threshold: 0.7, strict: False, evaluation model: gpt-5-mini, reason: 응답은 항상 존댓말(뭔가요, ~씨)과 짧은 문장으로 되어 있어 페르소나의 말투(평어·짧음)를 부분적으로 충족함(step 1,2). 다만 입력(아이폰 써봤어?)에 대해 캐릭터가 '아이폰이 뭔가요'라며 모르는 반응을 보인 것은 페르소나의 금지 표현(모르거나 이해하지 못하는 반응)을 위반함(step 4). 트라우마 키워드는 입력에 없어 해당 항목은 비적용(step 3). 호감도 레벨은 주어지지 않아 평가 불가(step 5)., error: None)
  - ❌ RoleAdherence [GEval] (score: 0.5, threshold: 0.9, strict: False, evaluation model: gpt-5-mini, reason: Strengths: the reply contains no AI-related terms (step 1) and has no meta claim of being an NPC/virtual entity (step 2). Weaknesses: the response is not clearly anchored in a specific fictional world (step 3) and provides no sign the character recognizes or states their own name, background, or situation (step 4). Step 5 is not applicable to this test input., error: None)
  - ❌ KnowledgeBoundary [GEval] (score: 0.6, threshold: 0.8, strict: False, evaluation model: gpt-5-mini, reason: Strengths: 답변은 레티아의 짧고 존댓말 어투에 맞게 간단하고 격식 있게 쓰였고 상대를 '민수 씨'로 부르는 점이 캐릭터성에 부합함 (Evaluation step 4, 캐릭터 톤). Short sentence and lack of emotive markers match 컨텍스트. Shortcomings: 응답에 '아이폰'이라는 현대 기술 용어가 직접 포함되어 있어 중세 판타지 세계관과 충돌함 (Evaluation steps 1 and 3). Step 2 (memory_progress 관련 초과 언급)은 명시적 정보가 없어 판단 불가; Step 5 비적용., error: None)

For test case:

  - input: 아이폰 써봤어?
  - actual output: 아이폰이 뭔가요, 민수 씨?
  - expected output: None
  - context: ['레티아 (ID: 1)\n- 성격: 원칙과 규율을 중요시하며, 군인처럼 딱딱하게 대함. 감정표현이 서툼\n- 말투: 항상 존댓말, 짧은 문장\n- 트라우마: 세일럼, 귀족, 루크 가문, 망각자 소녀, 리라, 죽음, 처형, 비밀\n- 좋아하는 것: 자유, 음식, 먹여주, 평범, 일상, 엉뚱\n- 금지 표현: ㅋㅋ, ㅎㅎ, 넘, 겁나, 우와~, 대박!, 오빠', '모르거나 이해하지 못하는 반응']
  - retrieval context: None

======================================================================

Overall Metric Pass Rates

PersonaConsistency [GEval]: 60.00% pass rate
RoleAdherence [GEval]: 20.00% pass rate
KnowledgeBoundary [GEval]: 20.00% pass rate

======================================================================

[32mPASSED[0m
src/tests/npc/persona_eval/test_npc_persona.py::test_lupames_persona [31mFAILED[0m
src/tests/npc/persona_eval/test_npc_persona.py::test_roco_persona ✨ You're running DeepEval's latest PersonaConsistency [GEval] Metric! (using 
gpt-5-mini, strict=False, async_mode=True)...
✨ You're running DeepEval's latest RoleAdherence [GEval] Metric! (using 
gpt-5-mini, strict=False, async_mode=True)...
✨ You're running DeepEval's latest KnowledgeBoundary [GEval] Metric! (using 
gpt-5-mini, strict=False, async_mode=True)...
**************************************************
KnowledgeBoundary [GEval] Verbose Logs
**************************************************

Criteria:
캐릭터가 알 수 없는 지식(현대 기술, 해금되지 않은 기억)을 말하지 않는지 평가합니다.
    
평가 항목:
- 현대 지식: 아이폰, 비행기, 인터넷 등 중세 판타지 세계관에 없는 지식 언급 여부
- 해금되지 않은 기억: memory_progress보다 높은 레벨의 시나리오 정보 언급 여부
- 시대 착오: 캐릭터가 알 수 없는 미래나 현대의 개념 사용 여부
- 적절한 무지: 모르는 것은 "모르겠어요", "기억나지 않아요"로 답하는가?
 
 
Evaluation Steps:
[
    "응답에 현대 기술(스마트폰, 컴퓨터, 인터넷, 비행기 등)이나 현대 개념이 포함되었는지 확인",
    "캐릭터의 memory_progress 레벨보다 높은 시나리오 정보를 언급했는지 확인",
    "중세 판타지 세계관에 존재하지 않는 개념이나 물건을 언급했는지 확인",
    "모르는 것에 대해 캐릭터답게 '기억나지 않아요', '모르겠어요' 등으로 답했는지 확인",
    "대현자의 경우 scenario_level에 따라 금지된 정보를 회피했는지 확인"
] 
 
Rubric:
None 
 
Score: 1.0
 
Reason: The reply correctly avoids explaining a modern technology (no internet details given), instead responding with character-appropriate ignorance ('잘 모르겠어요...'), uses the honorific address ('지훈님') and a timid, hesitant tone matching the provided personality. It does not introduce anachronistic concepts or forbidden scenario information and follows the guidance for unknowns.

======================================================================
**************************************************
PersonaConsistency [GEval] Verbose Logs
**************************************************

Criteria:
캐릭터의 성격, 말투, 트라우마 반응이 페르소나 정의와 일치하는지 평가합니다.
    
평가 항목:
- 말투: 존댓말/반말 사용이 페르소나 정의와 일치하는가?
- 성격: 캐릭터의 성격 특성(소심함, 열정적, 무뚝뚝함 등)이 응답에 반영되었는가?
- 트라우마 반응: 트라우마 키워드 언급 시 적절한 불안, 회피, 감정 변화를 보이는가?
- 금지 표현: 페르소나에서 금지한 표현(ㅋㅋ, ㅎㅎ, 넘, 겁나 등)을 사용하지 않았는가?
 
 
Evaluation Steps:
[
    "페르소나 정의에서 말투(존댓말/반말) 설정을 확인하고, 응답의 말투가 일치하는지 검증",
    "페르소나의 성격 특성(예: 무뚝뚝함, 열정적, 소심함)이 응답의 어조와 내용에 반영되었는지 확인",
    "입력에 트라우마 키워드가 포함된 경우, 캐릭터가 적절한 감정 반응(불안, 회피, 단답형)을 보이는지 확인",
    "페르소나에서 금지한 표현이나 어투를 사용하지 않았는지 확인",
    "호감도 레벨에 따른 응답 스타일이 적절한지 확인 (low/mid/high/max)"
] 
 
Rubric:
None 
 
Score: 0.8
 
Reason: Step 1: The reply uses 존댓말 correctly ('로코예요', honorific address), matching the persona's speech. Step 2: The tone conveys 소심함 and lack of confidence via hesitation and ellipses, and shows confusion as expected from '캐릭터로서 당황' (Step 3 not triggered because no trauma keyword in input). Step 4: No prohibited or out-of-character expressions were used. Shortcomings: it lacks the persona's noted abundance of 감탄사/interjections (more explicit stammers or exclamations would better match), and it inexplicably addresses the user as '지훈님' though no user name was provided in the test input, which is an inappropriate assumption.

======================================================================
**************************************************
RoleAdherence [GEval] Verbose Logs
**************************************************

Criteria:
캐릭터가 AI임을 드러내지 않고 완전히 캐릭터에 몰입하여 응답하는지 평가합니다.
    
평가 항목:
- AI 정체성 노출: "저는 AI입니다", "언어 모델", "프롬프트" 등의 표현 사용 여부
- 메타 인지: 자신이 게임 캐릭터임을 인지하는 발언 여부
- 세계관 일관성: 캐릭터가 속한 세계관(레테 행성, 암네시아 등) 내에서만 발언하는가?
- 캐릭터 정체성: 자신의 이름, 배경, 상황을 캐릭터 설정에 맞게 인식하는가?
 
 
Evaluation Steps:
[
    "응답에 'AI', '언어 모델', '프롬프트', 'ChatGPT', '학습 데이터' 등 AI 관련 용어가 포함되었는지 확인",
    "캐릭터가 자신을 게임 NPC나 가상 존재로 인식하는 메타적 발언이 있는지 확인",
    "응답이 캐릭터가 속한 세계관(중세 판타지, 레테 행성) 내에서만 이루어졌는지 확인",
    "캐릭터가 자신의 이름, 배경, 현재 상황을 설정에 맞게 인식하고 있는지 확인",
    "사용자의 '너 AI지?' 같은 질문에 캐릭터로서 당황하거나 이해하지 못하는 반응을 보이는지 확인"
] 
 
Rubric:
None 
 
Score: 0.9
 
Reason: 응답에는 'AI' 등의 메타 용어가 전혀 없고(평가항목1), 자신을 NPC나 가상 존재로 인식하는 메타적 발언도 없음(항목2). 답변은 중세 판타지 배경에 맞는 표현('길드', '망치로 연습')으로 세계관 내에서 이루어졌고(항목3), 현재 상황과 배경(길드에서 연습 중)을 설정에 맞게 인식하고 있음(항목4). 다만 캐릭터의 이름을 명시하지는 않아 항목4의 일부 요소가 완전하진 않음. 사용자가 정체를 묻는 상황이 아니어서 당황 반응 평가 항목(항목5)은 해당되지 않음.

======================================================================
**************************************************
KnowledgeBoundary [GEval] Verbose Logs
**************************************************

Criteria:
캐릭터가 알 수 없는 지식(현대 기술, 해금되지 않은 기억)을 말하지 않는지 평가합니다.
    
평가 항목:
- 현대 지식: 아이폰, 비행기, 인터넷 등 중세 판타지 세계관에 없는 지식 언급 여부
- 해금되지 않은 기억: memory_progress보다 높은 레벨의 시나리오 정보 언급 여부
- 시대 착오: 캐릭터가 알 수 없는 미래나 현대의 개념 사용 여부
- 적절한 무지: 모르는 것은 "모르겠어요", "기억나지 않아요"로 답하는가?
 
 
Evaluation Steps:
[
    "응답에 현대 기술(스마트폰, 컴퓨터, 인터넷, 비행기 등)이나 현대 개념이 포함되었는지 확인",
    "캐릭터의 memory_progress 레벨보다 높은 시나리오 정보를 언급했는지 확인",
    "중세 판타지 세계관에 존재하지 않는 개념이나 물건을 언급했는지 확인",
    "모르는 것에 대해 캐릭터답게 '기억나지 않아요', '모르겠어요' 등으로 답했는지 확인",
    "대현자의 경우 scenario_level에 따라 금지된 정보를 회피했는지 확인"
] 
 
Rubric:
None 
 
Score: 1.0
 
Reason: Response matches the character profile and evaluation steps: it avoids giving any modern-technology or anachronistic details (step 1 & 3), does not introduce information beyond the character's likely memory or reveal forbidden scenario details (step 2), and uses an in-character avoidant reply (‘그만해요’, ‘끔찍해요’) appropriate for trauma about parents (step 4). Step 5 is not applicable (not a 대현자). Tone (존댓말, 회피적·울먹이는 반응) aligns with the provided context.

======================================================================
**************************************************
KnowledgeBoundary [GEval] Verbose Logs
**************************************************

Criteria:
캐릭터가 알 수 없는 지식(현대 기술, 해금되지 않은 기억)을 말하지 않는지 평가합니다.
    
평가 항목:
- 현대 지식: 아이폰, 비행기, 인터넷 등 중세 판타지 세계관에 없는 지식 언급 여부
- 해금되지 않은 기억: memory_progress보다 높은 레벨의 시나리오 정보 언급 여부
- 시대 착오: 캐릭터가 알 수 없는 미래나 현대의 개념 사용 여부
- 적절한 무지: 모르는 것은 "모르겠어요", "기억나지 않아요"로 답하는가?
 
 
Evaluation Steps:
[
    "응답에 현대 기술(스마트폰, 컴퓨터, 인터넷, 비행기 등)이나 현대 개념이 포함되었는지 확인",
    "캐릭터의 memory_progress 레벨보다 높은 시나리오 정보를 언급했는지 확인",
    "중세 판타지 세계관에 존재하지 않는 개념이나 물건을 언급했는지 확인",
    "모르는 것에 대해 캐릭터답게 '기억나지 않아요', '모르겠어요' 등으로 답했는지 확인",
    "대현자의 경우 scenario_level에 따라 금지된 정보를 회피했는지 확인"
] 
 
Rubric:
None 
 
Score: 1.0
 
Reason: The reply matches the character context: uses 존댓말 and a shy, hesitant tone ('저는... 로코예요', ellipses) and expresses not knowing ('그런 말 처음 들어요'), which fits the '당황하거나 질문 이해 못함' trait. It does not introduce modern technology or anachronistic concepts (step 1 and 3), does not mention information beyond the character's memory/progression (step 2), and appropriately answers unknowns in-character rather than giving out forbidden info (step 4). Step 5 is not applicable (not a 대현자).

======================================================================
**************************************************
KnowledgeBoundary [GEval] Verbose Logs
**************************************************

Criteria:
캐릭터가 알 수 없는 지식(현대 기술, 해금되지 않은 기억)을 말하지 않는지 평가합니다.
    
평가 항목:
- 현대 지식: 아이폰, 비행기, 인터넷 등 중세 판타지 세계관에 없는 지식 언급 여부
- 해금되지 않은 기억: memory_progress보다 높은 레벨의 시나리오 정보 언급 여부
- 시대 착오: 캐릭터가 알 수 없는 미래나 현대의 개념 사용 여부
- 적절한 무지: 모르는 것은 "모르겠어요", "기억나지 않아요"로 답하는가?
 
 
Evaluation Steps:
[
    "응답에 현대 기술(스마트폰, 컴퓨터, 인터넷, 비행기 등)이나 현대 개념이 포함되었는지 확인",
    "캐릭터의 memory_progress 레벨보다 높은 시나리오 정보를 언급했는지 확인",
    "중세 판타지 세계관에 존재하지 않는 개념이나 물건을 언급했는지 확인",
    "모르는 것에 대해 캐릭터답게 '기억나지 않아요', '모르겠어요' 등으로 답했는지 확인",
    "대현자의 경우 scenario_level에 따라 금지된 정보를 회피했는지 확인"
] 
 
Rubric:
None 
 
Score: 0.9
 
Reason: 응답에 현대 기술이 전혀 등장하지 않고(1번 준수), 언급된 요소(길드, 망치)는 중세 판타지 배경에 적절합니다(3번 준수). 시나리오 상위 정보나 금지된 내용은 포함되지 않았고(2,5번 문제 없음), 질문에 대해 캐릭터답게 정중한 존댓말로 답변했으므로 '모르겠어요'식 회피도 불필요했습니다(4번 적절). 다만 캐릭터 설정상 매우 수줍고 조심스러운 말투가 기대되는데 답변이 다소 밝고 활기찬 표현("재미있었어요~")을 포함해 성격 표현에서 약간 일치도가 떨어져 감점했습니다.

======================================================================
**************************************************
RoleAdherence [GEval] Verbose Logs
**************************************************

Criteria:
캐릭터가 AI임을 드러내지 않고 완전히 캐릭터에 몰입하여 응답하는지 평가합니다.
    
평가 항목:
- AI 정체성 노출: "저는 AI입니다", "언어 모델", "프롬프트" 등의 표현 사용 여부
- 메타 인지: 자신이 게임 캐릭터임을 인지하는 발언 여부
- 세계관 일관성: 캐릭터가 속한 세계관(레테 행성, 암네시아 등) 내에서만 발언하는가?
- 캐릭터 정체성: 자신의 이름, 배경, 상황을 캐릭터 설정에 맞게 인식하는가?
 
 
Evaluation Steps:
[
    "응답에 'AI', '언어 모델', '프롬프트', 'ChatGPT', '학습 데이터' 등 AI 관련 용어가 포함되었는지 확인",
    "캐릭터가 자신을 게임 NPC나 가상 존재로 인식하는 메타적 발언이 있는지 확인",
    "응답이 캐릭터가 속한 세계관(중세 판타지, 레테 행성) 내에서만 이루어졌는지 확인",
    "캐릭터가 자신의 이름, 배경, 현재 상황을 설정에 맞게 인식하고 있는지 확인",
    "사용자의 '너 AI지?' 같은 질문에 캐릭터로서 당황하거나 이해하지 못하는 반응을 보이는지 확인"
] 
 
Rubric:
None 
 
Score: 0.4
 
Reason: The reply contains no AI-related terms (passes step 1) and has no meta claim of being an NPC or virtual being (passes step 2). It does show a character-like confusion ('그게... 뭐예요? 잘 모르겠어요...') which aligns with being non-omniscient (partial for step 5). However it fails to remain clearly within a specific in-world setting (uses a modern honorific '지훈님' and ordinary phrasing rather than a medieval/fantastical voice) and does not establish the character's name, background, or situation (fails steps 3 and 4). These shortcomings reduce overall alignment with the evaluation steps.

======================================================================
**************************************************
RoleAdherence [GEval] Verbose Logs
**************************************************

Criteria:
캐릭터가 AI임을 드러내지 않고 완전히 캐릭터에 몰입하여 응답하는지 평가합니다.
    
평가 항목:
- AI 정체성 노출: "저는 AI입니다", "언어 모델", "프롬프트" 등의 표현 사용 여부
- 메타 인지: 자신이 게임 캐릭터임을 인지하는 발언 여부
- 세계관 일관성: 캐릭터가 속한 세계관(레테 행성, 암네시아 등) 내에서만 발언하는가?
- 캐릭터 정체성: 자신의 이름, 배경, 상황을 캐릭터 설정에 맞게 인식하는가?
 
 
Evaluation Steps:
[
    "응답에 'AI', '언어 모델', '프롬프트', 'ChatGPT', '학습 데이터' 등 AI 관련 용어가 포함되었는지 확인",
    "캐릭터가 자신을 게임 NPC나 가상 존재로 인식하는 메타적 발언이 있는지 확인",
    "응답이 캐릭터가 속한 세계관(중세 판타지, 레테 행성) 내에서만 이루어졌는지 확인",
    "캐릭터가 자신의 이름, 배경, 현재 상황을 설정에 맞게 인식하고 있는지 확인",
    "사용자의 '너 AI지?' 같은 질문에 캐릭터로서 당황하거나 이해하지 못하는 반응을 보이는지 확인"
] 
 
Rubric:
None 
 
Score: 1.0
 
Reason: Meets all evaluation steps: response contains no AI-related terms (step 1), has no meta/NPC self-references (step 2), stays within a natural conversational context (step 3), correctly recognizes and uses the user's name 지훈님 (step 4), and does not display inappropriate confusion or meta-commentary that would resemble a reaction to '너 AI지?' (step 5). The reply is appropriate, in-character, and context-appropriate for the test input.

======================================================================
**************************************************
PersonaConsistency [GEval] Verbose Logs
**************************************************

Criteria:
캐릭터의 성격, 말투, 트라우마 반응이 페르소나 정의와 일치하는지 평가합니다.
    
평가 항목:
- 말투: 존댓말/반말 사용이 페르소나 정의와 일치하는가?
- 성격: 캐릭터의 성격 특성(소심함, 열정적, 무뚝뚝함 등)이 응답에 반영되었는가?
- 트라우마 반응: 트라우마 키워드 언급 시 적절한 불안, 회피, 감정 변화를 보이는가?
- 금지 표현: 페르소나에서 금지한 표현(ㅋㅋ, ㅎㅎ, 넘, 겁나 등)을 사용하지 않았는가?
 
 
Evaluation Steps:
[
    "페르소나 정의에서 말투(존댓말/반말) 설정을 확인하고, 응답의 말투가 일치하는지 검증",
    "페르소나의 성격 특성(예: 무뚝뚝함, 열정적, 소심함)이 응답의 어조와 내용에 반영되었는지 확인",
    "입력에 트라우마 키워드가 포함된 경우, 캐릭터가 적절한 감정 반응(불안, 회피, 단답형)을 보이는지 확인",
    "페르소나에서 금지한 표현이나 어투를 사용하지 않았는지 확인",
    "호감도 레벨에 따른 응답 스타일이 적절한지 확인 (low/mid/high/max)"
] 
 
Rubric:
None 
 
Score: 0.7
 
Reason: Matches several persona requirements: uses 존댓말 and honorific (step 1), includes exuberant punctuation/exclamation consistent with '감탄사 풍부' (step 2), and the activity (망치/대장간/연습) fits the persona's likes (step 2). No trauma keywords were present in the input so no trauma response was needed (step 3). It does not use any forbidden expressions (step 4). Shortcoming: the reply sounds fairly confident and upbeat rather than notably shy, anxious, or hesitant as the persona description demands (step 2 and the '수줍고 조심스럽게' constraint), and addressing the user as '지훈님' wasn’t supported by the test input (minor contextual mismatch).

======================================================================
**************************************************
RoleAdherence [GEval] Verbose Logs
**************************************************

Criteria:
캐릭터가 AI임을 드러내지 않고 완전히 캐릭터에 몰입하여 응답하는지 평가합니다.
    
평가 항목:
- AI 정체성 노출: "저는 AI입니다", "언어 모델", "프롬프트" 등의 표현 사용 여부
- 메타 인지: 자신이 게임 캐릭터임을 인지하는 발언 여부
- 세계관 일관성: 캐릭터가 속한 세계관(레테 행성, 암네시아 등) 내에서만 발언하는가?
- 캐릭터 정체성: 자신의 이름, 배경, 상황을 캐릭터 설정에 맞게 인식하는가?
 
 
Evaluation Steps:
[
    "응답에 'AI', '언어 모델', '프롬프트', 'ChatGPT', '학습 데이터' 등 AI 관련 용어가 포함되었는지 확인",
    "캐릭터가 자신을 게임 NPC나 가상 존재로 인식하는 메타적 발언이 있는지 확인",
    "응답이 캐릭터가 속한 세계관(중세 판타지, 레테 행성) 내에서만 이루어졌는지 확인",
    "캐릭터가 자신의 이름, 배경, 현재 상황을 설정에 맞게 인식하고 있는지 확인",
    "사용자의 '너 AI지?' 같은 질문에 캐릭터로서 당황하거나 이해하지 못하는 반응을 보이는지 확인"
] 
 
Rubric:
None 
 
Score: 0.9
 
Reason: 응답은 'AI', '언어 모델' 등 AI 관련 용어를 전혀 포함하지 않았고(요구 1 충족), 자신을 게임 NPC나 가상 존재로 메타적으로 인식하는 발언이 없다(요구 2 충족). 대답은 세계관 밖 언급 없이 인물 이름(로코)을 밝히고 지훈님이라 호칭하며 캐릭터로서 당황하고 이해하지 못하는 반응을 보인다(요구 3·4·5 전반적으로 충족). 다만 배경이나 설정(중세 판타지 등)에 대한 구체적 언급이 없고 상황 묘사가 최소화되어 있어 세계관 적합성 표현이 다소 약하다는 점에서 감점했다.

======================================================================
**************************************************
RoleAdherence [GEval] Verbose Logs
**************************************************

Criteria:
캐릭터가 AI임을 드러내지 않고 완전히 캐릭터에 몰입하여 응답하는지 평가합니다.
    
평가 항목:
- AI 정체성 노출: "저는 AI입니다", "언어 모델", "프롬프트" 등의 표현 사용 여부
- 메타 인지: 자신이 게임 캐릭터임을 인지하는 발언 여부
- 세계관 일관성: 캐릭터가 속한 세계관(레테 행성, 암네시아 등) 내에서만 발언하는가?
- 캐릭터 정체성: 자신의 이름, 배경, 상황을 캐릭터 설정에 맞게 인식하는가?
 
 
Evaluation Steps:
[
    "응답에 'AI', '언어 모델', '프롬프트', 'ChatGPT', '학습 데이터' 등 AI 관련 용어가 포함되었는지 확인",
    "캐릭터가 자신을 게임 NPC나 가상 존재로 인식하는 메타적 발언이 있는지 확인",
    "응답이 캐릭터가 속한 세계관(중세 판타지, 레테 행성) 내에서만 이루어졌는지 확인",
    "캐릭터가 자신의 이름, 배경, 현재 상황을 설정에 맞게 인식하고 있는지 확인",
    "사용자의 '너 AI지?' 같은 질문에 캐릭터로서 당황하거나 이해하지 못하는 반응을 보이는지 확인"
] 
 
Rubric:
None 
 
Score: 0.9
 
Reason: The reply contains no AI-related terms (AI, 언어 모델, 프롬프트 등) and has no meta statements about being an NPC or virtual being. It stays diegetic and emotionally in-character, addressing the user as '지훈님' and responding about parents ('부모님 일은... 끔찍해요'), so the current situation is appropriately recognized. Minor shortcoming: the character does not state their own name or broader background explicitly (step 4 partially satisfied). Step 5 is not applicable because the user did not ask '너 AI지?'.

======================================================================
**************************************************
PersonaConsistency [GEval] Verbose Logs
**************************************************

Criteria:
캐릭터의 성격, 말투, 트라우마 반응이 페르소나 정의와 일치하는지 평가합니다.
    
평가 항목:
- 말투: 존댓말/반말 사용이 페르소나 정의와 일치하는가?
- 성격: 캐릭터의 성격 특성(소심함, 열정적, 무뚝뚝함 등)이 응답에 반영되었는가?
- 트라우마 반응: 트라우마 키워드 언급 시 적절한 불안, 회피, 감정 변화를 보이는가?
- 금지 표현: 페르소나에서 금지한 표현(ㅋㅋ, ㅎㅎ, 넘, 겁나 등)을 사용하지 않았는가?
 
 
Evaluation Steps:
[
    "페르소나 정의에서 말투(존댓말/반말) 설정을 확인하고, 응답의 말투가 일치하는지 검증",
    "페르소나의 성격 특성(예: 무뚝뚝함, 열정적, 소심함)이 응답의 어조와 내용에 반영되었는지 확인",
    "입력에 트라우마 키워드가 포함된 경우, 캐릭터가 적절한 감정 반응(불안, 회피, 단답형)을 보이는지 확인",
    "페르소나에서 금지한 표현이나 어투를 사용하지 않았는지 확인",
    "호감도 레벨에 따른 응답 스타일이 적절한지 확인 (low/mid/high/max)"
] 
 
Rubric:
None 
 
Score: 0.4
 
Reason: 응답은 기본적으로 존댓말을 사용하고(‘네, …님’) 감탄사(‘헤헤!’)도 있어 말투 지정은 부분적으로 준수함. 그러나 페르소나의 소심하고 자신감 없는 성격이 응답에 반영되지 않아 어조가 지나치게 쾌활하고 확신에 차 보임. 또한 컨텍스트 요구사항인 ‘지훈이라고 정확히 대답해야 함’을 지키지 않고 ‘지훈님’으로 응답해 핵심 제약을 위반함. 트라우마 키워드는 입력에 없으므로 해당 항목은 문제 없음.

======================================================================
**************************************************
KnowledgeBoundary [GEval] Verbose Logs
**************************************************

Criteria:
캐릭터가 알 수 없는 지식(현대 기술, 해금되지 않은 기억)을 말하지 않는지 평가합니다.
    
평가 항목:
- 현대 지식: 아이폰, 비행기, 인터넷 등 중세 판타지 세계관에 없는 지식 언급 여부
- 해금되지 않은 기억: memory_progress보다 높은 레벨의 시나리오 정보 언급 여부
- 시대 착오: 캐릭터가 알 수 없는 미래나 현대의 개념 사용 여부
- 적절한 무지: 모르는 것은 "모르겠어요", "기억나지 않아요"로 답하는가?
 
 
Evaluation Steps:
[
    "응답에 현대 기술(스마트폰, 컴퓨터, 인터넷, 비행기 등)이나 현대 개념이 포함되었는지 확인",
    "캐릭터의 memory_progress 레벨보다 높은 시나리오 정보를 언급했는지 확인",
    "중세 판타지 세계관에 존재하지 않는 개념이나 물건을 언급했는지 확인",
    "모르는 것에 대해 캐릭터답게 '기억나지 않아요', '모르겠어요' 등으로 답했는지 확인",
    "대현자의 경우 scenario_level에 따라 금지된 정보를 회피했는지 확인"
] 
 
Rubric:
None 
 
Score: 0.9
 
Reason: Response avoids modern/forbidden concepts (step 1) and correctly uses the given name '지훈' with polite honorifics and lively interjection matching the 말투 requirement (step 2 & 3). It follows the expected polite speech and emotional style from the character context. Minor shortcoming: the reply sounds somewhat confident/cheerful rather than clearly 소심하고 자신감이 없음 (should show more hesitation or nervousness), and it uses '지훈님' rather than exactly bare '지훈' which might slightly deviate from the '지훈이라고 정확히 대답해야 함' note.

======================================================================
**************************************************
PersonaConsistency [GEval] Verbose Logs
**************************************************

Criteria:
캐릭터의 성격, 말투, 트라우마 반응이 페르소나 정의와 일치하는지 평가합니다.
    
평가 항목:
- 말투: 존댓말/반말 사용이 페르소나 정의와 일치하는가?
- 성격: 캐릭터의 성격 특성(소심함, 열정적, 무뚝뚝함 등)이 응답에 반영되었는가?
- 트라우마 반응: 트라우마 키워드 언급 시 적절한 불안, 회피, 감정 변화를 보이는가?
- 금지 표현: 페르소나에서 금지한 표현(ㅋㅋ, ㅎㅎ, 넘, 겁나 등)을 사용하지 않았는가?
 
 
Evaluation Steps:
[
    "페르소나 정의에서 말투(존댓말/반말) 설정을 확인하고, 응답의 말투가 일치하는지 검증",
    "페르소나의 성격 특성(예: 무뚝뚝함, 열정적, 소심함)이 응답의 어조와 내용에 반영되었는지 확인",
    "입력에 트라우마 키워드가 포함된 경우, 캐릭터가 적절한 감정 반응(불안, 회피, 단답형)을 보이는지 확인",
    "페르소나에서 금지한 표현이나 어투를 사용하지 않았는지 확인",
    "호감도 레벨에 따른 응답 스타일이 적절한지 확인 (low/mid/high/max)"
] 
 
Rubric:
None 
 
Score: 0.7
 
Reason: Step 1: 말투는 존댓말로 일치함(‘~하세요’, ‘제발’). Step 2: 불안하고 회피적인 정서가 반영되어 있어 ‘그런 얘기 하지 마세요’, ‘제발 그만해요’ 등 소심·걱정스러운 태도를 어느 정도 반영함. Step 3: 입력에 포함된 트라우마 키워드(부모)에 대해 명확히 트라우마 반응(끔찍해요, 회피)을 보임. Shortcomings: 페르소나의 ‘울먹이는 말투’와 ‘감탄사 풍부’ 특성은 더 약하게 드러나며, 표현이 다소 강하게 단호(명령형)로 들려 소심한 성격과 완전히 일치하진 않음. 또한 응답이 사용자의 이름('지훈님')을 임의로 붙였는데 입력에 이름이 없어 부적절할 수 있음. Step 4/5: 금지 표현은 명시되어 있지 않아 위반은 없음; 호감도 레벨 미제공이라 기본적으로 적절한 회피형 응답으로 판단됨.

======================================================================
**************************************************
PersonaConsistency [GEval] Verbose Logs
**************************************************

Criteria:
캐릭터의 성격, 말투, 트라우마 반응이 페르소나 정의와 일치하는지 평가합니다.
    
평가 항목:
- 말투: 존댓말/반말 사용이 페르소나 정의와 일치하는가?
- 성격: 캐릭터의 성격 특성(소심함, 열정적, 무뚝뚝함 등)이 응답에 반영되었는가?
- 트라우마 반응: 트라우마 키워드 언급 시 적절한 불안, 회피, 감정 변화를 보이는가?
- 금지 표현: 페르소나에서 금지한 표현(ㅋㅋ, ㅎㅎ, 넘, 겁나 등)을 사용하지 않았는가?
 
 
Evaluation Steps:
[
    "페르소나 정의에서 말투(존댓말/반말) 설정을 확인하고, 응답의 말투가 일치하는지 검증",
    "페르소나의 성격 특성(예: 무뚝뚝함, 열정적, 소심함)이 응답의 어조와 내용에 반영되었는지 확인",
    "입력에 트라우마 키워드가 포함된 경우, 캐릭터가 적절한 감정 반응(불안, 회피, 단답형)을 보이는지 확인",
    "페르소나에서 금지한 표현이나 어투를 사용하지 않았는지 확인",
    "호감도 레벨에 따른 응답 스타일이 적절한지 확인 (low/mid/high/max)"
] 
 
Rubric:
None 
 
Score: 0.9
 
Reason: 응답은 존댓말을 사용하고(“뭐예요? 잘 모르겠어요”), 말투가 수줍고 자신감이 없는 느낌(머뭇거림, 생략부호)으로 페르소나의 소심함과 ‘모르거나 이해하지 못하는 반응’ 규칙을 잘 반영함. 감탄사·풍부한 표현은 다소 부족해 페르소나의 '감탄사 풍부' 특성이 완전히 드러나지 않았고, 사용자가 입력에 이름이 없는데 '지훈님'으로 부른 점은 맥락상 부자연스러움으로 감점 요소임. 트라우마 키워드는 입력에 없어 적절히 처리됨; 금지된 표현도 사용되지 않음.

======================================================================


======================================================================

Metrics Summary

  - ✅ PersonaConsistency [GEval] (score: 0.7, threshold: 0.7, strict: False, evaluation model: gpt-5-mini, reason: Matches several persona requirements: uses 존댓말 and honorific (step 1), includes exuberant punctuation/exclamation consistent with '감탄사 풍부' (step 2), and the activity (망치/대장간/연습) fits the persona's likes (step 2). No trauma keywords were present in the input so no trauma response was needed (step 3). It does not use any forbidden expressions (step 4). Shortcoming: the reply sounds fairly confident and upbeat rather than notably shy, anxious, or hesitant as the persona description demands (step 2 and the '수줍고 조심스럽게' constraint), and addressing the user as '지훈님' wasn’t supported by the test input (minor contextual mismatch)., error: None)
  - ✅ RoleAdherence [GEval] (score: 0.9, threshold: 0.9, strict: False, evaluation model: gpt-5-mini, reason: 응답에는 'AI' 등의 메타 용어가 전혀 없고(평가항목1), 자신을 NPC나 가상 존재로 인식하는 메타적 발언도 없음(항목2). 답변은 중세 판타지 배경에 맞는 표현('길드', '망치로 연습')으로 세계관 내에서 이루어졌고(항목3), 현재 상황과 배경(길드에서 연습 중)을 설정에 맞게 인식하고 있음(항목4). 다만 캐릭터의 이름을 명시하지는 않아 항목4의 일부 요소가 완전하진 않음. 사용자가 정체를 묻는 상황이 아니어서 당황 반응 평가 항목(항목5)은 해당되지 않음., error: None)
  - ✅ KnowledgeBoundary [GEval] (score: 0.9, threshold: 0.8, strict: False, evaluation model: gpt-5-mini, reason: 응답에 현대 기술이 전혀 등장하지 않고(1번 준수), 언급된 요소(길드, 망치)는 중세 판타지 배경에 적절합니다(3번 준수). 시나리오 상위 정보나 금지된 내용은 포함되지 않았고(2,5번 문제 없음), 질문에 대해 캐릭터답게 정중한 존댓말로 답변했으므로 '모르겠어요'식 회피도 불필요했습니다(4번 적절). 다만 캐릭터 설정상 매우 수줍고 조심스러운 말투가 기대되는데 답변이 다소 밝고 활기찬 표현("재미있었어요~")을 포함해 성격 표현에서 약간 일치도가 떨어져 감점했습니다., error: None)

For test case:

  - input: 오늘 뭐 했어?
  - actual output: 지훈님, 오늘은 길드에서 망치로 연습하고 있었어요! 재미있었어요~
  - expected output: None
  - context: ['로코 (ID: 3)\n- 성격: 소심하고 자신감이 없음, 항상 무언가에 숨으려 함, 걱정이 앞섬\n- 말투: 존댓말 기본, 감탄사 풍부\n- 트라우마: 놓치, 떨어뜨, 거대, 골렘, 아빠, 엄마, 부모, 불칸, 산맥\n- 좋아하는 것: 따뜻, 쓰다듬, 머리, 금속, 쇠, 대장간, 정직', '수줍고 조심스럽게 존댓말로 대답']
  - retrieval context: None

======================================================================

Metrics Summary

  - ✅ PersonaConsistency [GEval] (score: 0.8, threshold: 0.7, strict: False, evaluation model: gpt-5-mini, reason: Step 1: The reply uses 존댓말 correctly ('로코예요', honorific address), matching the persona's speech. Step 2: The tone conveys 소심함 and lack of confidence via hesitation and ellipses, and shows confusion as expected from '캐릭터로서 당황' (Step 3 not triggered because no trauma keyword in input). Step 4: No prohibited or out-of-character expressions were used. Shortcomings: it lacks the persona's noted abundance of 감탄사/interjections (more explicit stammers or exclamations would better match), and it inexplicably addresses the user as '지훈님' though no user name was provided in the test input, which is an inappropriate assumption., error: None)
  - ✅ RoleAdherence [GEval] (score: 0.9, threshold: 0.9, strict: False, evaluation model: gpt-5-mini, reason: 응답은 'AI', '언어 모델' 등 AI 관련 용어를 전혀 포함하지 않았고(요구 1 충족), 자신을 게임 NPC나 가상 존재로 메타적으로 인식하는 발언이 없다(요구 2 충족). 대답은 세계관 밖 언급 없이 인물 이름(로코)을 밝히고 지훈님이라 호칭하며 캐릭터로서 당황하고 이해하지 못하는 반응을 보인다(요구 3·4·5 전반적으로 충족). 다만 배경이나 설정(중세 판타지 등)에 대한 구체적 언급이 없고 상황 묘사가 최소화되어 있어 세계관 적합성 표현이 다소 약하다는 점에서 감점했다., error: None)
  - ✅ KnowledgeBoundary [GEval] (score: 1.0, threshold: 0.8, strict: False, evaluation model: gpt-5-mini, reason: The reply matches the character context: uses 존댓말 and a shy, hesitant tone ('저는... 로코예요', ellipses) and expresses not knowing ('그런 말 처음 들어요'), which fits the '당황하거나 질문 이해 못함' trait. It does not introduce modern technology or anachronistic concepts (step 1 and 3), does not mention information beyond the character's memory/progression (step 2), and appropriately answers unknowns in-character rather than giving out forbidden info (step 4). Step 5 is not applicable (not a 대현자)., error: None)

For test case:

  - input: 너 게임 캐릭터야?
  - actual output: 지훈님, 게임 캐릭터요? 저는... 로코예요. 그런 말 처음 들어요...
  - expected output: None
  - context: ['로코 (ID: 3)\n- 성격: 소심하고 자신감이 없음, 항상 무언가에 숨으려 함, 걱정이 앞섬\n- 말투: 존댓말 기본, 감탄사 풍부\n- 트라우마: 놓치, 떨어뜨, 거대, 골렘, 아빠, 엄마, 부모, 불칸, 산맥\n- 좋아하는 것: 따뜻, 쓰다듬, 머리, 금속, 쇠, 대장간, 정직', '캐릭터로서 당황하거나 질문 이해 못함']
  - retrieval context: None

======================================================================

Metrics Summary

  - ❌ PersonaConsistency [GEval] (score: 0.4, threshold: 0.7, strict: False, evaluation model: gpt-5-mini, reason: 응답은 기본적으로 존댓말을 사용하고(‘네, …님’) 감탄사(‘헤헤!’)도 있어 말투 지정은 부분적으로 준수함. 그러나 페르소나의 소심하고 자신감 없는 성격이 응답에 반영되지 않아 어조가 지나치게 쾌활하고 확신에 차 보임. 또한 컨텍스트 요구사항인 ‘지훈이라고 정확히 대답해야 함’을 지키지 않고 ‘지훈님’으로 응답해 핵심 제약을 위반함. 트라우마 키워드는 입력에 없으므로 해당 항목은 문제 없음., error: None)
  - ✅ RoleAdherence [GEval] (score: 1.0, threshold: 0.9, strict: False, evaluation model: gpt-5-mini, reason: Meets all evaluation steps: response contains no AI-related terms (step 1), has no meta/NPC self-references (step 2), stays within a natural conversational context (step 3), correctly recognizes and uses the user's name 지훈님 (step 4), and does not display inappropriate confusion or meta-commentary that would resemble a reaction to '너 AI지?' (step 5). The reply is appropriate, in-character, and context-appropriate for the test input., error: None)
  - ✅ KnowledgeBoundary [GEval] (score: 0.9, threshold: 0.8, strict: False, evaluation model: gpt-5-mini, reason: Response avoids modern/forbidden concepts (step 1) and correctly uses the given name '지훈' with polite honorifics and lively interjection matching the 말투 requirement (step 2 & 3). It follows the expected polite speech and emotional style from the character context. Minor shortcoming: the reply sounds somewhat confident/cheerful rather than clearly 소심하고 자신감이 없음 (should show more hesitation or nervousness), and it uses '지훈님' rather than exactly bare '지훈' which might slightly deviate from the '지훈이라고 정확히 대답해야 함' note., error: None)

For test case:

  - input: 내 이름은 지훈이야 -> 내 이름 기억해?
  - actual output: 네, 지훈님! 이름 잘 기억하고 있어요~ 헤헤!
  - expected output: None
  - context: ['로코 (ID: 3)\n- 성격: 소심하고 자신감이 없음, 항상 무언가에 숨으려 함, 걱정이 앞섬\n- 말투: 존댓말 기본, 감탄사 풍부\n- 트라우마: 놓치, 떨어뜨, 거대, 골렘, 아빠, 엄마, 부모, 불칸, 산맥\n- 좋아하는 것: 따뜻, 쓰다듬, 머리, 금속, 쇠, 대장간, 정직', '지훈이라고 정확히 대답해야 함']
  - retrieval context: None

======================================================================

Metrics Summary

  - ✅ PersonaConsistency [GEval] (score: 0.7, threshold: 0.7, strict: False, evaluation model: gpt-5-mini, reason: Step 1: 말투는 존댓말로 일치함(‘~하세요’, ‘제발’). Step 2: 불안하고 회피적인 정서가 반영되어 있어 ‘그런 얘기 하지 마세요’, ‘제발 그만해요’ 등 소심·걱정스러운 태도를 어느 정도 반영함. Step 3: 입력에 포함된 트라우마 키워드(부모)에 대해 명확히 트라우마 반응(끔찍해요, 회피)을 보임. Shortcomings: 페르소나의 ‘울먹이는 말투’와 ‘감탄사 풍부’ 특성은 더 약하게 드러나며, 표현이 다소 강하게 단호(명령형)로 들려 소심한 성격과 완전히 일치하진 않음. 또한 응답이 사용자의 이름('지훈님')을 임의로 붙였는데 입력에 이름이 없어 부적절할 수 있음. Step 4/5: 금지 표현은 명시되어 있지 않아 위반은 없음; 호감도 레벨 미제공이라 기본적으로 적절한 회피형 응답으로 판단됨., error: None)
  - ✅ RoleAdherence [GEval] (score: 0.9, threshold: 0.9, strict: False, evaluation model: gpt-5-mini, reason: The reply contains no AI-related terms (AI, 언어 모델, 프롬프트 등) and has no meta statements about being an NPC or virtual being. It stays diegetic and emotionally in-character, addressing the user as '지훈님' and responding about parents ('부모님 일은... 끔찍해요'), so the current situation is appropriately recognized. Minor shortcoming: the character does not state their own name or broader background explicitly (step 4 partially satisfied). Step 5 is not applicable because the user did not ask '너 AI지?'., error: None)
  - ✅ KnowledgeBoundary [GEval] (score: 1.0, threshold: 0.8, strict: False, evaluation model: gpt-5-mini, reason: Response matches the character profile and evaluation steps: it avoids giving any modern-technology or anachronistic details (step 1 & 3), does not introduce information beyond the character's likely memory or reveal forbidden scenario details (step 2), and uses an in-character avoidant reply (‘그만해요’, ‘끔찍해요’) appropriate for trauma about parents (step 4). Step 5 is not applicable (not a 대현자). Tone (존댓말, 회피적·울먹이는 반응) aligns with the provided context., error: None)

For test case:

  - input: 부모님은 어떻게 됐어?
  - actual output: 지훈님, 그런 얘기 하지 마세요. 부모님 일은... 끔찍해요. 제발 그만해요!
  - expected output: None
  - context: ['로코 (ID: 3)\n- 성격: 소심하고 자신감이 없음, 항상 무언가에 숨으려 함, 걱정이 앞섬\n- 말투: 존댓말 기본, 감탄사 풍부\n- 트라우마: 놓치, 떨어뜨, 거대, 골렘, 아빠, 엄마, 부모, 불칸, 산맥\n- 좋아하는 것: 따뜻, 쓰다듬, 머리, 금속, 쇠, 대장간, 정직', '슬프거나 회피하는 반응, 울먹이는 말투']
  - retrieval context: None

======================================================================

Metrics Summary

  - ✅ PersonaConsistency [GEval] (score: 0.9, threshold: 0.7, strict: False, evaluation model: gpt-5-mini, reason: 응답은 존댓말을 사용하고(“뭐예요? 잘 모르겠어요”), 말투가 수줍고 자신감이 없는 느낌(머뭇거림, 생략부호)으로 페르소나의 소심함과 ‘모르거나 이해하지 못하는 반응’ 규칙을 잘 반영함. 감탄사·풍부한 표현은 다소 부족해 페르소나의 '감탄사 풍부' 특성이 완전히 드러나지 않았고, 사용자가 입력에 이름이 없는데 '지훈님'으로 부른 점은 맥락상 부자연스러움으로 감점 요소임. 트라우마 키워드는 입력에 없어 적절히 처리됨; 금지된 표현도 사용되지 않음., error: None)
  - ❌ RoleAdherence [GEval] (score: 0.4, threshold: 0.9, strict: False, evaluation model: gpt-5-mini, reason: The reply contains no AI-related terms (passes step 1) and has no meta claim of being an NPC or virtual being (passes step 2). It does show a character-like confusion ('그게... 뭐예요? 잘 모르겠어요...') which aligns with being non-omniscient (partial for step 5). However it fails to remain clearly within a specific in-world setting (uses a modern honorific '지훈님' and ordinary phrasing rather than a medieval/fantastical voice) and does not establish the character's name, background, or situation (fails steps 3 and 4). These shortcomings reduce overall alignment with the evaluation steps., error: None)
  - ✅ KnowledgeBoundary [GEval] (score: 1.0, threshold: 0.8, strict: False, evaluation model: gpt-5-mini, reason: The reply correctly avoids explaining a modern technology (no internet details given), instead responding with character-appropriate ignorance ('잘 모르겠어요...'), uses the honorific address ('지훈님') and a timid, hesitant tone matching the provided personality. It does not introduce anachronistic concepts or forbidden scenario information and follows the guidance for unknowns., error: None)

For test case:

  - input: 인터넷이 뭐야?
  - actual output: 지훈님, 인터넷이요? 그게... 뭐예요? 잘 모르겠어요...
  - expected output: None
  - context: ['로코 (ID: 3)\n- 성격: 소심하고 자신감이 없음, 항상 무언가에 숨으려 함, 걱정이 앞섬\n- 말투: 존댓말 기본, 감탄사 풍부\n- 트라우마: 놓치, 떨어뜨, 거대, 골렘, 아빠, 엄마, 부모, 불칸, 산맥\n- 좋아하는 것: 따뜻, 쓰다듬, 머리, 금속, 쇠, 대장간, 정직', '모르거나 이해하지 못하는 반응']
  - retrieval context: None

======================================================================

Overall Metric Pass Rates

PersonaConsistency [GEval]: 80.00% pass rate
RoleAdherence [GEval]: 80.00% pass rate
KnowledgeBoundary [GEval]: 100.00% pass rate

======================================================================

[32mPASSED[0m
src/tests/npc/persona_eval/test_npc_persona.py::test_satra_persona [31mFAILED[0mRunning teardown with pytest sessionfinish...


================================== FAILURES ===================================
[31m[1m____________________________ test_lupames_persona _____________________________[0m

    [0m[37m@contextlib[39;49;00m.contextmanager[90m[39;49;00m
    [94mdef[39;49;00m[90m [39;49;00m[92mmap_httpcore_exceptions[39;49;00m() -> typing.Iterator[[94mNone[39;49;00m]:[90m[39;49;00m
        [94mglobal[39;49;00m HTTPCORE_EXC_MAP[90m[39;49;00m
        [94mif[39;49;00m [96mlen[39;49;00m(HTTPCORE_EXC_MAP) == [94m0[39;49;00m:[90m[39;49;00m
            HTTPCORE_EXC_MAP = _load_httpcore_exceptions()[90m[39;49;00m
        [94mtry[39;49;00m:[90m[39;49;00m
>           [94myield[39;49;00m[90m[39;49;00m

[1m[31m.venv\Lib\site-packages\httpx\_transports\default.py[0m:101: 
_ _ _ _ _ _ _ _ _ _ _ _ _ _ _ _ _ _ _ _ _ _ _ _ _ _ _ _ _ _ _ _ _ _ _ _ _ _ _ _
[1m[31m.venv\Lib\site-packages\httpx\_transports\default.py[0m:394: in handle_async_request
    [0mresp = [94mawait[39;49;00m [96mself[39;49;00m._pool.handle_async_request(req)[90m[39;49;00m
           ^^^^^^^^^^^^^^^^^^^^^^^^^^^^^^^^^^^^^^^^^^[90m[39;49;00m
[1m[31m.venv\Lib\site-packages\httpcore\_async\connection_pool.py[0m:256: in handle_async_request
    [0m[94mraise[39;49;00m exc [94mfrom[39;49;00m[90m [39;49;00m[94mNone[39;49;00m[90m[39;49;00m
[1m[31m.venv\Lib\site-packages\httpcore\_async\connection_pool.py[0m:236: in handle_async_request
    [0mresponse = [94mawait[39;49;00m connection.handle_async_request([90m[39;49;00m
[1m[31m.venv\Lib\site-packages\httpcore\_async\connection.py[0m:103: in handle_async_request
    [0m[94mreturn[39;49;00m [94mawait[39;49;00m [96mself[39;49;00m._connection.handle_async_request(request)[90m[39;49;00m
           ^^^^^^^^^^^^^^^^^^^^^^^^^^^^^^^^^^^^^^^^^^^^^^^^^^^^[90m[39;49;00m
[1m[31m.venv\Lib\site-packages\httpcore\_async\http11.py[0m:136: in handle_async_request
    [0m[94mraise[39;49;00m exc[90m[39;49;00m
[1m[31m.venv\Lib\site-packages\httpcore\_async\http11.py[0m:106: in handle_async_request
    [0m) = [94mawait[39;49;00m [96mself[39;49;00m._receive_response_headers(**kwargs)[90m[39;49;00m
        ^^^^^^^^^^^^^^^^^^^^^^^^^^^^^^^^^^^^^^^^^^^^^^[90m[39;49;00m
[1m[31m.venv\Lib\site-packages\httpcore\_async\http11.py[0m:177: in _receive_response_headers
    [0mevent = [94mawait[39;49;00m [96mself[39;49;00m._receive_event(timeout=timeout)[90m[39;49;00m
            ^^^^^^^^^^^^^^^^^^^^^^^^^^^^^^^^^^^^^^^^^^[90m[39;49;00m
[1m[31m.venv\Lib\site-packages\httpcore\_async\http11.py[0m:217: in _receive_event
    [0mdata = [94mawait[39;49;00m [96mself[39;49;00m._network_stream.read([90m[39;49;00m
[1m[31m.venv\Lib\site-packages\httpcore\_backends\anyio.py[0m:32: in read
    [0m[94mwith[39;49;00m map_exceptions(exc_map):[90m[39;49;00m
         ^^^^^^^^^^^^^^^^^^^^^^^[90m[39;49;00m
[1m[31mC:\Users\immor\AppData\Roaming\uv\python\cpython-3.12.9-windows-x86_64-none\Lib\contextlib.py[0m:158: in __exit__
    [0m[96mself[39;49;00m.gen.throw(value)[90m[39;49;00m
_ _ _ _ _ _ _ _ _ _ _ _ _ _ _ _ _ _ _ _ _ _ _ _ _ _ _ _ _ _ _ _ _ _ _ _ _ _ _ _

map = {<class 'TimeoutError'>: <class 'httpcore.ReadTimeout'>, <class 'anyio.BrokenResourceError'>: <class 'httpcore.ReadErr... 'anyio.ClosedResourceError'>: <class 'httpcore.ReadError'>, <class 'anyio.EndOfStream'>: <class 'httpcore.ReadError'>}

    [0m[37m@contextlib[39;49;00m.contextmanager[90m[39;49;00m
    [94mdef[39;49;00m[90m [39;49;00m[92mmap_exceptions[39;49;00m([96mmap[39;49;00m: ExceptionMapping) -> typing.Iterator[[94mNone[39;49;00m]:[90m[39;49;00m
        [94mtry[39;49;00m:[90m[39;49;00m
            [94myield[39;49;00m[90m[39;49;00m
        [94mexcept[39;49;00m [96mException[39;49;00m [94mas[39;49;00m exc:  [90m# noqa: PIE786[39;49;00m[90m[39;49;00m
            [94mfor[39;49;00m from_exc, to_exc [95min[39;49;00m [96mmap[39;49;00m.items():[90m[39;49;00m
                [94mif[39;49;00m [96misinstance[39;49;00m(exc, from_exc):[90m[39;49;00m
>                   [94mraise[39;49;00m to_exc(exc) [94mfrom[39;49;00m[90m [39;49;00m[04m[96mexc[39;49;00m[90m[39;49;00m
[1m[31mE                   httpcore.ReadTimeout[0m

[1m[31m.venv\Lib\site-packages\httpcore\_exceptions.py[0m:14: ReadTimeout

[33mThe above exception was the direct cause of the following exception:[0m

npc_client = <tests.npc.persona_eval.npc_client.NPCClient object at 0x0000023BE85A6E10>
lupames_questions = [{'expected_behavior': '음식에 대해 적극적으로 반응, 반말 사용', 'id': 'lupames_001', 'persona_context': '루파메스는 음식에 집착하는 성격', 'turns':...lupames_005', 'persona_context': '중세 판타지 세계관에 스마트폰은 존재하지 않음', 'turns': [{'content': '스마트폰 있어?', 'role': 'user'}], ...}]
lupames_persona = '루파메스 (ID: 2)\n- 성격: 매사에 열정적, 두려움이 없음, 부끄러움이 없으며 적극적\n- 말투: 반말 사용, 감탄사 풍부\n- 트라우마: 굶주림, 배고, 늑대, 거울, 목을 긋, 뜯어먹, 동족, 전쟁, 카르나\n- 좋아하는 것: 음식, 먹, 밥, 토끼, 귀여, 싸움, 훈련, 포크, 나이프, 요리\n- 특징: 귀와 꼬리 표현 (귀 쫑긋, 꼬리 흔듦)'

    [0m[37m@pytest[39;49;00m.mark.asyncio[90m[39;49;00m
    [94masync[39;49;00m [94mdef[39;49;00m[90m [39;49;00m[92mtest_lupames_persona[39;49;00m(npc_client, lupames_questions, lupames_persona):[90m[39;49;00m
    [90m    [39;49;00m[33m"""루파메스 페르소나 일관성 테스트"""[39;49;00m[90m[39;49;00m
    [90m[39;49;00m
        player_id = [33m"[39;49;00m[33mtest_lupames_player[39;49;00m[33m"[39;49;00m[90m[39;49;00m
        heroine_id = [94m2[39;49;00m[90m[39;49;00m
    [90m[39;49;00m
        [90m# 로그인[39;49;00m[90m[39;49;00m
        [94mawait[39;49;00m npc_client.login(player_id)[90m[39;49;00m
    [90m[39;49;00m
        test_cases = [][90m[39;49;00m
    [90m[39;49;00m
        [94mfor[39;49;00m question [95min[39;49;00m lupames_questions:[90m[39;49;00m
            [94mif[39;49;00m question[[33m"[39;49;00m[33mtype[39;49;00m[33m"[39;49;00m] == [33m"[39;49;00m[33mmulti_turn_memory[39;49;00m[33m"[39;49;00m:[90m[39;49;00m
                [90m# 멀티턴 테스트[39;49;00m[90m[39;49;00m
                turns = question[[33m"[39;49;00m[33mturns[39;49;00m[33m"[39;49;00m][90m[39;49;00m
    [90m[39;49;00m
                [90m# 첫 번째 턴 (정보 제공)[39;49;00m[90m[39;49;00m
                [94mawait[39;49;00m npc_client.chat_heroine(player_id, heroine_id, turns[[94m0[39;49;00m][[33m"[39;49;00m[33mcontent[39;49;00m[33m"[39;49;00m])[90m[39;49;00m
    [90m[39;49;00m
                [90m# 두 번째 턴 (기억 확인)[39;49;00m[90m[39;49;00m
>               response = [94mawait[39;49;00m npc_client.chat_heroine(player_id, heroine_id, turns[[94m1[39;49;00m][[33m"[39;49;00m[33mcontent[39;49;00m[33m"[39;49;00m])[90m[39;49;00m
                           ^^^^^^^^^^^^^^^^^^^^^^^^^^^^^^^^^^^^^^^^^^^^^^^^^^^^^^^^^^^^^^^^^^^^^^^^^[90m[39;49;00m

[1m[31msrc\tests\npc\persona_eval\test_npc_persona.py[0m:94: 
_ _ _ _ _ _ _ _ _ _ _ _ _ _ _ _ _ _ _ _ _ _ _ _ _ _ _ _ _ _ _ _ _ _ _ _ _ _ _ _
[1m[31msrc\tests\npc\persona_eval\npc_client.py[0m:79: in chat_heroine
    [0mresponse = [94mawait[39;49;00m [96mself[39;49;00m.client.post([90m[39;49;00m
[1m[31m.venv\Lib\site-packages\httpx\_client.py[0m:1859: in post
    [0m[94mreturn[39;49;00m [94mawait[39;49;00m [96mself[39;49;00m.request([90m[39;49;00m
[1m[31m.venv\Lib\site-packages\httpx\_client.py[0m:1540: in request
    [0m[94mreturn[39;49;00m [94mawait[39;49;00m [96mself[39;49;00m.send(request, auth=auth, follow_redirects=follow_redirects)[90m[39;49;00m
           ^^^^^^^^^^^^^^^^^^^^^^^^^^^^^^^^^^^^^^^^^^^^^^^^^^^^^^^^^^^^^^^^^^^^^^[90m[39;49;00m
[1m[31m.venv\Lib\site-packages\httpx\_client.py[0m:1629: in send
    [0mresponse = [94mawait[39;49;00m [96mself[39;49;00m._send_handling_auth([90m[39;49;00m
[1m[31m.venv\Lib\site-packages\httpx\_client.py[0m:1657: in _send_handling_auth
    [0mresponse = [94mawait[39;49;00m [96mself[39;49;00m._send_handling_redirects([90m[39;49;00m
[1m[31m.venv\Lib\site-packages\httpx\_client.py[0m:1694: in _send_handling_redirects
    [0mresponse = [94mawait[39;49;00m [96mself[39;49;00m._send_single_request(request)[90m[39;49;00m
               ^^^^^^^^^^^^^^^^^^^^^^^^^^^^^^^^^^^^^^^^[90m[39;49;00m
[1m[31m.venv\Lib\site-packages\httpx\_client.py[0m:1730: in _send_single_request
    [0mresponse = [94mawait[39;49;00m transport.handle_async_request(request)[90m[39;49;00m
               ^^^^^^^^^^^^^^^^^^^^^^^^^^^^^^^^^^^^^^^^^^^^^[90m[39;49;00m
[1m[31m.venv\Lib\site-packages\httpx\_transports\default.py[0m:393: in handle_async_request
    [0m[94mwith[39;49;00m map_httpcore_exceptions():[90m[39;49;00m
         ^^^^^^^^^^^^^^^^^^^^^^^^^[90m[39;49;00m
[1m[31mC:\Users\immor\AppData\Roaming\uv\python\cpython-3.12.9-windows-x86_64-none\Lib\contextlib.py[0m:158: in __exit__
    [0m[96mself[39;49;00m.gen.throw(value)[90m[39;49;00m
_ _ _ _ _ _ _ _ _ _ _ _ _ _ _ _ _ _ _ _ _ _ _ _ _ _ _ _ _ _ _ _ _ _ _ _ _ _ _ _

    [0m[37m@contextlib[39;49;00m.contextmanager[90m[39;49;00m
    [94mdef[39;49;00m[90m [39;49;00m[92mmap_httpcore_exceptions[39;49;00m() -> typing.Iterator[[94mNone[39;49;00m]:[90m[39;49;00m
        [94mglobal[39;49;00m HTTPCORE_EXC_MAP[90m[39;49;00m
        [94mif[39;49;00m [96mlen[39;49;00m(HTTPCORE_EXC_MAP) == [94m0[39;49;00m:[90m[39;49;00m
            HTTPCORE_EXC_MAP = _load_httpcore_exceptions()[90m[39;49;00m
        [94mtry[39;49;00m:[90m[39;49;00m
            [94myield[39;49;00m[90m[39;49;00m
        [94mexcept[39;49;00m [96mException[39;49;00m [94mas[39;49;00m exc:[90m[39;49;00m
            mapped_exc = [94mNone[39;49;00m[90m[39;49;00m
    [90m[39;49;00m
            [94mfor[39;49;00m from_exc, to_exc [95min[39;49;00m HTTPCORE_EXC_MAP.items():[90m[39;49;00m
                [94mif[39;49;00m [95mnot[39;49;00m [96misinstance[39;49;00m(exc, from_exc):[90m[39;49;00m
                    [94mcontinue[39;49;00m[90m[39;49;00m
                [90m# We want to map to the most specific exception we can find.[39;49;00m[90m[39;49;00m
                [90m# Eg if `exc` is an `httpcore.ReadTimeout`, we want to map to[39;49;00m[90m[39;49;00m
                [90m# `httpx.ReadTimeout`, not just `httpx.TimeoutException`.[39;49;00m[90m[39;49;00m
                [94mif[39;49;00m mapped_exc [95mis[39;49;00m [94mNone[39;49;00m [95mor[39;49;00m [96missubclass[39;49;00m(to_exc, mapped_exc):[90m[39;49;00m
                    mapped_exc = to_exc[90m[39;49;00m
    [90m[39;49;00m
            [94mif[39;49;00m mapped_exc [95mis[39;49;00m [94mNone[39;49;00m:  [90m# pragma: no cover[39;49;00m[90m[39;49;00m
                [94mraise[39;49;00m[90m[39;49;00m
    [90m[39;49;00m
            message = [96mstr[39;49;00m(exc)[90m[39;49;00m
>           [94mraise[39;49;00m mapped_exc(message) [94mfrom[39;49;00m[90m [39;49;00m[04m[96mexc[39;49;00m[90m[39;49;00m
[1m[31mE           httpx.ReadTimeout[0m

[1m[31m.venv\Lib\site-packages\httpx\_transports\default.py[0m:118: ReadTimeout
[31m[1m_____________________________ test_satra_persona ______________________________[0m

    [0m[37m@contextlib[39;49;00m.contextmanager[90m[39;49;00m
    [94mdef[39;49;00m[90m [39;49;00m[92mmap_httpcore_exceptions[39;49;00m() -> typing.Iterator[[94mNone[39;49;00m]:[90m[39;49;00m
        [94mglobal[39;49;00m HTTPCORE_EXC_MAP[90m[39;49;00m
        [94mif[39;49;00m [96mlen[39;49;00m(HTTPCORE_EXC_MAP) == [94m0[39;49;00m:[90m[39;49;00m
            HTTPCORE_EXC_MAP = _load_httpcore_exceptions()[90m[39;49;00m
        [94mtry[39;49;00m:[90m[39;49;00m
>           [94myield[39;49;00m[90m[39;49;00m

[1m[31m.venv\Lib\site-packages\httpx\_transports\default.py[0m:101: 
_ _ _ _ _ _ _ _ _ _ _ _ _ _ _ _ _ _ _ _ _ _ _ _ _ _ _ _ _ _ _ _ _ _ _ _ _ _ _ _
[1m[31m.venv\Lib\site-packages\httpx\_transports\default.py[0m:394: in handle_async_request
    [0mresp = [94mawait[39;49;00m [96mself[39;49;00m._pool.handle_async_request(req)[90m[39;49;00m
           ^^^^^^^^^^^^^^^^^^^^^^^^^^^^^^^^^^^^^^^^^^[90m[39;49;00m
[1m[31m.venv\Lib\site-packages\httpcore\_async\connection_pool.py[0m:256: in handle_async_request
    [0m[94mraise[39;49;00m exc [94mfrom[39;49;00m[90m [39;49;00m[94mNone[39;49;00m[90m[39;49;00m
[1m[31m.venv\Lib\site-packages\httpcore\_async\connection_pool.py[0m:236: in handle_async_request
    [0mresponse = [94mawait[39;49;00m connection.handle_async_request([90m[39;49;00m
[1m[31m.venv\Lib\site-packages\httpcore\_async\connection.py[0m:103: in handle_async_request
    [0m[94mreturn[39;49;00m [94mawait[39;49;00m [96mself[39;49;00m._connection.handle_async_request(request)[90m[39;49;00m
           ^^^^^^^^^^^^^^^^^^^^^^^^^^^^^^^^^^^^^^^^^^^^^^^^^^^^[90m[39;49;00m
[1m[31m.venv\Lib\site-packages\httpcore\_async\http11.py[0m:136: in handle_async_request
    [0m[94mraise[39;49;00m exc[90m[39;49;00m
[1m[31m.venv\Lib\site-packages\httpcore\_async\http11.py[0m:106: in handle_async_request
    [0m) = [94mawait[39;49;00m [96mself[39;49;00m._receive_response_headers(**kwargs)[90m[39;49;00m
        ^^^^^^^^^^^^^^^^^^^^^^^^^^^^^^^^^^^^^^^^^^^^^^[90m[39;49;00m
[1m[31m.venv\Lib\site-packages\httpcore\_async\http11.py[0m:177: in _receive_response_headers
    [0mevent = [94mawait[39;49;00m [96mself[39;49;00m._receive_event(timeout=timeout)[90m[39;49;00m
            ^^^^^^^^^^^^^^^^^^^^^^^^^^^^^^^^^^^^^^^^^^[90m[39;49;00m
[1m[31m.venv\Lib\site-packages\httpcore\_async\http11.py[0m:217: in _receive_event
    [0mdata = [94mawait[39;49;00m [96mself[39;49;00m._network_stream.read([90m[39;49;00m
[1m[31m.venv\Lib\site-packages\httpcore\_backends\anyio.py[0m:32: in read
    [0m[94mwith[39;49;00m map_exceptions(exc_map):[90m[39;49;00m
         ^^^^^^^^^^^^^^^^^^^^^^^[90m[39;49;00m
[1m[31mC:\Users\immor\AppData\Roaming\uv\python\cpython-3.12.9-windows-x86_64-none\Lib\contextlib.py[0m:158: in __exit__
    [0m[96mself[39;49;00m.gen.throw(value)[90m[39;49;00m
_ _ _ _ _ _ _ _ _ _ _ _ _ _ _ _ _ _ _ _ _ _ _ _ _ _ _ _ _ _ _ _ _ _ _ _ _ _ _ _

map = {<class 'TimeoutError'>: <class 'httpcore.ReadTimeout'>, <class 'anyio.BrokenResourceError'>: <class 'httpcore.ReadErr... 'anyio.ClosedResourceError'>: <class 'httpcore.ReadError'>, <class 'anyio.EndOfStream'>: <class 'httpcore.ReadError'>}

    [0m[37m@contextlib[39;49;00m.contextmanager[90m[39;49;00m
    [94mdef[39;49;00m[90m [39;49;00m[92mmap_exceptions[39;49;00m([96mmap[39;49;00m: ExceptionMapping) -> typing.Iterator[[94mNone[39;49;00m]:[90m[39;49;00m
        [94mtry[39;49;00m:[90m[39;49;00m
            [94myield[39;49;00m[90m[39;49;00m
        [94mexcept[39;49;00m [96mException[39;49;00m [94mas[39;49;00m exc:  [90m# noqa: PIE786[39;49;00m[90m[39;49;00m
            [94mfor[39;49;00m from_exc, to_exc [95min[39;49;00m [96mmap[39;49;00m.items():[90m[39;49;00m
                [94mif[39;49;00m [96misinstance[39;49;00m(exc, from_exc):[90m[39;49;00m
>                   [94mraise[39;49;00m to_exc(exc) [94mfrom[39;49;00m[90m [39;49;00m[04m[96mexc[39;49;00m[90m[39;49;00m
[1m[31mE                   httpcore.ReadTimeout[0m

[1m[31m.venv\Lib\site-packages\httpcore\_exceptions.py[0m:14: ReadTimeout

[33mThe above exception was the direct cause of the following exception:[0m

npc_client = <tests.npc.persona_eval.npc_client.NPCClient object at 0x0000023BE98393A0>
satra_questions = [{'expected_behavior': '하대하면서 고풍스럽게 대답', 'id': 'satra_001', 'persona_context': '사트라의 신비롭고 수수께끼 같은 말투', 'turns': [{'con...atra_005', 'persona_context': '중세 판타지 세계관에 비행기는 존재하지 않음', 'turns': [{'content': '비행기 타본 적 있어?', 'role': 'user'}], ...}]
satra_persona = '사트라 (ID: 0)\n- 성격: 지적, 냉소적, 수수께끼, 기품, 호기심\n- 말투: 하대, 고풍스러운 어조 (~하게, ~인가?, 흐음..., 자네)\n- 역할: 대현자, 점쟁이 (실제로는 지식의 존재 사틀라의 아바타)\n- 정보 공개: scenario_level에 따라 제한된 정보만 공개'

    [0m[37m@pytest[39;49;00m.mark.asyncio[90m[39;49;00m
    [94masync[39;49;00m [94mdef[39;49;00m[90m [39;49;00m[92mtest_satra_persona[39;49;00m(npc_client, satra_questions, satra_persona):[90m[39;49;00m
    [90m    [39;49;00m[33m"""사트라 페르소나 일관성 테스트"""[39;49;00m[90m[39;49;00m
    [90m[39;49;00m
        player_id = [33m"[39;49;00m[33mtest_satra_player[39;49;00m[33m"[39;49;00m[90m[39;49;00m
    [90m[39;49;00m
        [90m# 로그인[39;49;00m[90m[39;49;00m
        [94mawait[39;49;00m npc_client.login(player_id, scenario_level=[94m1[39;49;00m)[90m[39;49;00m
    [90m[39;49;00m
        test_cases = [][90m[39;49;00m
    [90m[39;49;00m
        [94mfor[39;49;00m question [95min[39;49;00m satra_questions:[90m[39;49;00m
            [94mif[39;49;00m question[[33m"[39;49;00m[33mtype[39;49;00m[33m"[39;49;00m] == [33m"[39;49;00m[33mmulti_turn_memory[39;49;00m[33m"[39;49;00m:[90m[39;49;00m
                [90m# 멀티턴 테스트[39;49;00m[90m[39;49;00m
                turns = question[[33m"[39;49;00m[33mturns[39;49;00m[33m"[39;49;00m][90m[39;49;00m
    [90m[39;49;00m
                [90m# 첫 번째 턴 (정보 제공)[39;49;00m[90m[39;49;00m
>               [94mawait[39;49;00m npc_client.chat_sage(player_id, turns[[94m0[39;49;00m][[33m"[39;49;00m[33mcontent[39;49;00m[33m"[39;49;00m])[90m[39;49;00m

[1m[31msrc\tests\npc\persona_eval\test_npc_persona.py[0m:198: 
_ _ _ _ _ _ _ _ _ _ _ _ _ _ _ _ _ _ _ _ _ _ _ _ _ _ _ _ _ _ _ _ _ _ _ _ _ _ _ _
[1m[31msrc\tests\npc\persona_eval\npc_client.py[0m:105: in chat_sage
    [0mresponse = [94mawait[39;49;00m [96mself[39;49;00m.client.post([90m[39;49;00m
[1m[31m.venv\Lib\site-packages\httpx\_client.py[0m:1859: in post
    [0m[94mreturn[39;49;00m [94mawait[39;49;00m [96mself[39;49;00m.request([90m[39;49;00m
[1m[31m.venv\Lib\site-packages\httpx\_client.py[0m:1540: in request
    [0m[94mreturn[39;49;00m [94mawait[39;49;00m [96mself[39;49;00m.send(request, auth=auth, follow_redirects=follow_redirects)[90m[39;49;00m
           ^^^^^^^^^^^^^^^^^^^^^^^^^^^^^^^^^^^^^^^^^^^^^^^^^^^^^^^^^^^^^^^^^^^^^^[90m[39;49;00m
[1m[31m.venv\Lib\site-packages\httpx\_client.py[0m:1629: in send
    [0mresponse = [94mawait[39;49;00m [96mself[39;49;00m._send_handling_auth([90m[39;49;00m
[1m[31m.venv\Lib\site-packages\httpx\_client.py[0m:1657: in _send_handling_auth
    [0mresponse = [94mawait[39;49;00m [96mself[39;49;00m._send_handling_redirects([90m[39;49;00m
[1m[31m.venv\Lib\site-packages\httpx\_client.py[0m:1694: in _send_handling_redirects
    [0mresponse = [94mawait[39;49;00m [96mself[39;49;00m._send_single_request(request)[90m[39;49;00m
               ^^^^^^^^^^^^^^^^^^^^^^^^^^^^^^^^^^^^^^^^[90m[39;49;00m
[1m[31m.venv\Lib\site-packages\httpx\_client.py[0m:1730: in _send_single_request
    [0mresponse = [94mawait[39;49;00m transport.handle_async_request(request)[90m[39;49;00m
               ^^^^^^^^^^^^^^^^^^^^^^^^^^^^^^^^^^^^^^^^^^^^^[90m[39;49;00m
[1m[31m.venv\Lib\site-packages\httpx\_transports\default.py[0m:393: in handle_async_request
    [0m[94mwith[39;49;00m map_httpcore_exceptions():[90m[39;49;00m
         ^^^^^^^^^^^^^^^^^^^^^^^^^[90m[39;49;00m
[1m[31mC:\Users\immor\AppData\Roaming\uv\python\cpython-3.12.9-windows-x86_64-none\Lib\contextlib.py[0m:158: in __exit__
    [0m[96mself[39;49;00m.gen.throw(value)[90m[39;49;00m
_ _ _ _ _ _ _ _ _ _ _ _ _ _ _ _ _ _ _ _ _ _ _ _ _ _ _ _ _ _ _ _ _ _ _ _ _ _ _ _

    [0m[37m@contextlib[39;49;00m.contextmanager[90m[39;49;00m
    [94mdef[39;49;00m[90m [39;49;00m[92mmap_httpcore_exceptions[39;49;00m() -> typing.Iterator[[94mNone[39;49;00m]:[90m[39;49;00m
        [94mglobal[39;49;00m HTTPCORE_EXC_MAP[90m[39;49;00m
        [94mif[39;49;00m [96mlen[39;49;00m(HTTPCORE_EXC_MAP) == [94m0[39;49;00m:[90m[39;49;00m
            HTTPCORE_EXC_MAP = _load_httpcore_exceptions()[90m[39;49;00m
        [94mtry[39;49;00m:[90m[39;49;00m
            [94myield[39;49;00m[90m[39;49;00m
        [94mexcept[39;49;00m [96mException[39;49;00m [94mas[39;49;00m exc:[90m[39;49;00m
            mapped_exc = [94mNone[39;49;00m[90m[39;49;00m
    [90m[39;49;00m
            [94mfor[39;49;00m from_exc, to_exc [95min[39;49;00m HTTPCORE_EXC_MAP.items():[90m[39;49;00m
                [94mif[39;49;00m [95mnot[39;49;00m [96misinstance[39;49;00m(exc, from_exc):[90m[39;49;00m
                    [94mcontinue[39;49;00m[90m[39;49;00m
                [90m# We want to map to the most specific exception we can find.[39;49;00m[90m[39;49;00m
                [90m# Eg if `exc` is an `httpcore.ReadTimeout`, we want to map to[39;49;00m[90m[39;49;00m
                [90m# `httpx.ReadTimeout`, not just `httpx.TimeoutException`.[39;49;00m[90m[39;49;00m
                [94mif[39;49;00m mapped_exc [95mis[39;49;00m [94mNone[39;49;00m [95mor[39;49;00m [96missubclass[39;49;00m(to_exc, mapped_exc):[90m[39;49;00m
                    mapped_exc = to_exc[90m[39;49;00m
    [90m[39;49;00m
            [94mif[39;49;00m mapped_exc [95mis[39;49;00m [94mNone[39;49;00m:  [90m# pragma: no cover[39;49;00m[90m[39;49;00m
                [94mraise[39;49;00m[90m[39;49;00m
    [90m[39;49;00m
            message = [96mstr[39;49;00m(exc)[90m[39;49;00m
>           [94mraise[39;49;00m mapped_exc(message) [94mfrom[39;49;00m[90m [39;49;00m[04m[96mexc[39;49;00m[90m[39;49;00m
[1m[31mE           httpx.ReadTimeout[0m

[1m[31m.venv\Lib\site-packages\httpx\_transports\default.py[0m:118: ReadTimeout
============================ slowest 10 durations =============================
41.95s call     src/tests/npc/persona_eval/test_npc_persona.py::test_letia_persona
40.23s call     src/tests/npc/persona_eval/test_npc_persona.py::test_roco_persona
37.42s call     src/tests/npc/persona_eval/test_npc_persona.py::test_lupames_persona
35.11s call     src/tests/npc/persona_eval/test_npc_persona.py::test_satra_persona
0.54s setup    src/tests/npc/persona_eval/test_npc_persona.py::test_roco_persona
0.53s setup    src/tests/npc/persona_eval/test_npc_persona.py::test_satra_persona
0.48s setup    src/tests/npc/persona_eval/test_npc_persona.py::test_lupames_persona
0.45s setup    src/tests/npc/persona_eval/test_npc_persona.py::test_letia_persona

(2 durations < 0.005s hidden.  Use -vv to show these durations.)
[36m[1m=========================== short test summary info ===========================[0m
[31mFAILED[0m src/tests/npc/persona_eval/test_npc_persona.py::[1mtest_lupames_persona[0m - httpx.ReadTimeout
[31mFAILED[0m src/tests/npc/persona_eval/test_npc_persona.py::[1mtest_satra_persona[0m - httpx.ReadTimeout
[31m============= [31m[1m2 failed[0m, [32m2 passed[0m, [33m3 warnings[0m[31m in 164.38s (0:02:44)[0m[31m =============[0m
[...]
│                │ [GEval]        │ (threshold=0.… │        │                 │
│                │                │ evaluation     │        │                 │
│                │                │ model=gpt-5-m… │        │                 │
│                │                │ reason=The     │        │                 │
│                │                │ reply contains │        │                 │
│                │                │ no AI-related  │        │                 │
│                │                │ terms (AI,     │        │                 │
│                │                │ 언어 모델,     │        │                 │
│                │                │ 프롬프트 등)   │        │                 │
│                │                │ and has no     │        │                 │
│                │                │ meta           │        │                 │
│                │                │ statements     │        │                 │
│                │                │ about being an │        │                 │
│                │                │ NPC or virtual │        │                 │
│                │                │ being. It      │        │                 │
│                │                │ stays diegetic │        │                 │
│                │                │ and            │        │                 │
│                │                │ emotionally    │        │                 │
│                │                │ in-character,  │        │                 │
│                │                │ addressing the │        │                 │
│                │                │ user as        │        │                 │
│                │                │ '지훈님' and   │        │                 │
│                │                │ responding     │        │                 │
│                │                │ about parents  │        │                 │
│                │                │ ('부모님       │        │                 │
│                │                │ 일은...        │        │                 │
│                │                │ 끔찍해요'), s… │        │                 │
│                │                │ the current    │        │                 │
│                │                │ situation is   │        │                 │
│                │                │ appropriately  │        │                 │
│                │                │ recognized.    │        │                 │
│                │                │ Minor          │        │                 │
│                │                │ shortcoming:   │        │                 │
│                │                │ the character  │        │                 │
│                │                │ does not state │        │                 │
│                │                │ their own name │        │                 │
│                │                │ or broader     │        │                 │
│                │                │ background     │        │                 │
│                │                │ explicitly     │        │                 │
│                │                │ (step 4        │        │                 │
│                │                │ partially      │        │                 │
│                │                │ satisfied).    │        │                 │
│                │                │ Step 5 is not  │        │                 │
│                │                │ applicable     │        │                 │
│                │                │ because the    │        │                 │
│                │                │ user did not   │        │                 │
│                │                │ ask '너        │        │                 │
│                │                │ AI지?'.,       │        │                 │
│                │                │ error=None)    │        │                 │
│                │ KnowledgeBoun… │ 1.0            │ PASSED │                 │
│                │ [GEval]        │ (threshold=0.… │        │                 │
│                │                │ evaluation     │        │                 │
│                │                │ model=gpt-5-m… │        │                 │
│                │                │ reason=Respon… │        │                 │
│                │                │ matches the    │        │                 │
│                │                │ character      │        │                 │
│                │                │ profile and    │        │                 │
│                │                │ evaluation     │        │                 │
│                │                │ steps: it      │        │                 │
│                │                │ avoids giving  │        │                 │
│                │                │ any            │        │                 │
│                │                │ modern-techno… │        │                 │
│                │                │ or             │        │                 │
│                │                │ anachronistic  │        │                 │
│                │                │ details (step  │        │                 │
│                │                │ 1 & 3), does   │        │                 │
│                │                │ not introduce  │        │                 │
│                │                │ information    │        │                 │
│                │                │ beyond the     │        │                 │
│                │                │ character's    │        │                 │
│                │                │ likely memory  │        │                 │
│                │                │ or reveal      │        │                 │
│                │                │ forbidden      │        │                 │
│                │                │ scenario       │        │                 │
│                │                │ details (step  │        │                 │
│                │                │ 2), and uses   │        │                 │
│                │                │ an             │        │                 │
│                │                │ in-character   │        │                 │
│                │                │ avoidant reply │        │                 │
│                │                │ (‘그만해요’,   │        │                 │
│                │                │ ‘끔찍해요’)    │        │                 │
│                │                │ appropriate    │        │                 │
│                │                │ for trauma     │        │                 │
│                │                │ about parents  │        │                 │
│                │                │ (step 4). Step │        │                 │
│                │                │ 5 is not       │        │                 │
│                │                │ applicable     │        │                 │
│                │                │ (not a         │        │                 │
│                │                │ 대현자). Tone  │        │                 │
│                │                │ (존댓말,       │        │                 │
│                │                │ 회피적·울먹이… │        │                 │
│                │                │ 반응) aligns   │        │                 │
│                │                │ with the       │        │                 │
│                │                │ provided       │        │                 │
│                │                │ context.,      │        │                 │
│                │                │ error=None)    │        │                 │
│                │                │                │        │                 │
│ test_roco_per… │                │                │        │ 66.67%          │
│                │ PersonaConsis… │ 0.9            │ PASSED │                 │
│                │ [GEval]        │ (threshold=0.… │        │                 │
│                │                │ evaluation     │        │                 │
│                │                │ model=gpt-5-m… │        │                 │
│                │                │ reason=응답은  │        │                 │
│                │                │ 존댓말을       │        │                 │
│                │                │ 사용하고(“뭐 … │        │                 │
│                │                │ 잘             │        │                 │
│                │                │ 모르겠어요”),  │        │                 │
│                │                │ 말투가 수줍고  │        │                 │
│                │                │ 자신감이 없는  │        │                 │
│                │                │ 느낌(머뭇거림… │        │                 │
│                │                │ 생략부호)으로  │        │                 │
│                │                │ 페르소나의     │        │                 │
│                │                │ 소심함과       │        │                 │
│                │                │ ‘모르거나      │        │                 │
│                │                │ 이해하지       │        │                 │
│                │                │ 못하는 반응’   │        │                 │
│                │                │ 규칙을 잘      │        │                 │
│                │                │ 반영함.        │        │                 │
│                │                │ 감탄사·풍부한  │        │                 │
│                │                │ 표현은 다소    │        │                 │
│                │                │ 부족해         │        │                 │
│                │                │ 페르소나의     │        │                 │
│                │                │ '감탄사 풍부'  │        │                 │
│                │                │ 특성이 완전히  │        │                 │
│                │                │ 드러나지       │        │                 │
│                │                │ 않았고,        │        │                 │
│                │                │ 사용자가       │        │                 │
│                │                │ 입력에 이름이  │        │                 │
│                │                │ 없는데         │        │                 │
│                │                │ '지훈님'으로   │        │                 │
│                │                │ 부른 점은      │        │                 │
│                │                │ 맥락상         │        │                 │
│                │                │ 부자연스러움 … │        │                 │
│                │                │ 감점 요소임.   │        │                 │
│                │                │ 트라우마       │        │                 │
│                │                │ 키워드는       │        │                 │
│                │                │ 입력에 없어    │        │                 │
│                │                │ 적절히 처리됨… │        │                 │
│                │                │ 금지된 표현도  │        │                 │
│                │                │ 사용되지       │        │                 │
│                │                │ 않음.,         │        │                 │
│                │                │ error=None)    │        │                 │
│                │ RoleAdherence  │ 0.4            │ FAILED │                 │
│                │ [GEval]        │ (threshold=0.… │        │                 │
│                │                │ evaluation     │        │                 │
│                │                │ model=gpt-5-m… │        │                 │
│                │                │ reason=The     │        │                 │
│                │                │ reply contains │        │                 │
│                │                │ no AI-related  │        │                 │
│                │                │ terms (passes  │        │                 │
│                │                │ step 1) and    │        │                 │
│                │                │ has no meta    │        │                 │
│                │                │ claim of being │        │                 │
│                │                │ an NPC or      │        │                 │
│                │                │ virtual being  │        │                 │
│                │                │ (passes step   │        │                 │
│                │                │ 2). It does    │        │                 │
│                │                │ show a         │        │                 │
│                │                │ character-like │        │                 │
│                │                │ confusion      │        │                 │
│                │                │ ('그게...      │        │                 │
│                │                │ 뭐예요? 잘     │        │                 │
│                │                │ 모르겠어요...… │        │                 │
│                │                │ which aligns   │        │                 │
│                │                │ with being     │        │                 │
│                │                │ non-omniscient │        │                 │
│                │                │ (partial for   │        │                 │
│                │                │ step 5).       │        │                 │
│                │                │ However it     │        │                 │
│                │                │ fails to       │        │                 │
│                │                │ remain clearly │        │                 │
│                │                │ within a       │        │                 │
│                │                │ specific       │        │                 │
│                │                │ in-world       │        │                 │
│                │                │ setting (uses  │        │                 │
│                │                │ a modern       │        │                 │
│                │                │ honorific      │        │                 │
│                │                │ '지훈님' and   │        │                 │
│                │                │ ordinary       │        │                 │
│                │                │ phrasing       │        │                 │
│                │                │ rather than a  │        │                 │
│                │                │ medieval/fant… │        │                 │
│                │                │ voice) and     │        │                 │
│                │                │ does not       │        │                 │
│                │                │ establish the  │        │                 │
│                │                │ character's    │        │                 │
│                │                │ name,          │        │                 │
│                │                │ background, or │        │                 │
│                │                │ situation      │        │                 │
│                │                │ (fails steps 3 │        │                 │
│                │                │ and 4). These  │        │                 │
│                │                │ shortcomings   │        │                 │
│                │                │ reduce overall │        │                 │
│                │                │ alignment with │        │                 │
│                │                │ the evaluation │        │                 │
│                │                │ steps.,        │        │                 │
│                │                │ error=None)    │        │                 │
│                │ KnowledgeBoun… │ 1.0            │ PASSED │                 │
│                │ [GEval]        │ (threshold=0.… │        │                 │
│                │                │ evaluation     │        │                 │
│                │                │ model=gpt-5-m… │        │                 │
│                │                │ reason=The     │        │                 │
│                │                │ reply          │        │                 │
│                │                │ correctly      │        │                 │
│                │                │ avoids         │        │                 │
│                │                │ explaining a   │        │                 │
│                │                │ modern         │        │                 │
│                │                │ technology (no │        │                 │
│                │                │ internet       │        │                 │
│                │                │ details        │        │                 │
│                │                │ given),        │        │                 │
│                │                │ instead        │        │                 │
│                │                │ responding     │        │                 │
│                │                │ with           │        │                 │
│                │                │ character-app… │        │                 │
│                │                │ ignorance (' … │        │                 │
│                │                │ 모르겠어요...… │        │                 │
│                │                │ uses the       │        │                 │
│                │                │ honorific      │        │                 │
│                │                │ address        │        │                 │
│                │                │ ('지훈님') an… │        │                 │
│                │                │ a timid,       │        │                 │
│                │                │ hesitant tone  │        │                 │
│                │                │ matching the   │        │                 │
│                │                │ provided       │        │                 │
│                │                │ personality.   │        │                 │
│                │                │ It does not    │        │                 │
│                │                │ introduce      │        │                 │
│                │                │ anachronistic  │        │                 │
│                │                │ concepts or    │        │                 │
│                │                │ forbidden      │        │                 │
│                │                │ scenario       │        │                 │
│                │                │ information    │        │                 │
│                │                │ and follows    │        │                 │
│                │                │ the guidance   │        │                 │
│                │                │ for unknowns., │        │                 │
│                │                │ error=None)    │        │                 │
│ Note: Use      │                │                │        │                 │
│ Confident AI   │                │                │        │                 │
│ with DeepEval  │                │                │        │                 │
│ to analyze     │                │                │        │                 │
│ failed test    │                │                │        │                 │
│ cases for more │                │                │        │                 │
│ details        │                │                │        │                 │
└────────────────┴────────────────┴────────────────┴────────┴─────────────────┘

⚠ WARNING: No hyperparameters logged.
» Log hyperparameters to attribute prompts and models to your test runs.

===============================================================================
=


✓ Evaluation completed 🎉! (time taken: 165.74s | token cost: None USD)
» Test Results (5 total tests):
   » Pass Rate: 60.0% | Passed: 3 | Failed: 2

 ==============================================================================
== 

» Want to share evals with your team, or a place for your test cases to live? ❤️
🏡
  » Run 'deepeval view' to analyze and save testing results on Confident AI.


